#
# There is insufficient memory for the Java Runtime Environment to continue.
# Native memory allocation (malloc) failed to allocate 859456 bytes for Chunk::new
# Possible reasons:
#   The system is out of physical RAM or swap space
#   The process is running with CompressedOops enabled, and the Java Heap may be blocking the growth of the native heap
# Possible solutions:
#   Reduce memory load on the system
#   Increase physical memory or swap space
#   Check if swap backing store is full
#   Decrease Java heap size (-Xmx/-Xms)
#   Decrease number of Java threads
#   Decrease Java thread stack sizes (-Xss)
#   Set larger code cache with -XX:ReservedCodeCacheSize=
#   JVM is running with Unscaled Compressed Oops mode in which the Java heap is
#     placed in the first 4GB address space. The Java Heap base address is the
#     maximum limit for the native heap growth. Please use -XX:HeapBaseMinAddress
#     to set the Java Heap base and to place the Java Heap above 4GB virtual address.
# This output file may be truncated or incomplete.
#
#  Out of Memory Error (arena.cpp:195), pid=23440, tid=27588
#
# JRE version: OpenJDK Runtime Environment Corretto-16.0.2.7.1 (16.0.2+7) (build 16.0.2+7)
# Java VM: OpenJDK 64-Bit Server VM Corretto-16.0.2.7.1 (16.0.2+7, mixed mode, sharing, tiered, compressed oops, compressed class ptrs, g1 gc, windows-amd64)
# No core dump will be written. Minidumps are not enabled by default on client versions of Windows
#

---------------  S U M M A R Y ------------

Command Line: --add-opens=java.base/java.util=ALL-UNNAMED --add-opens=java.base/java.lang=ALL-UNNAMED --add-opens=java.base/java.lang.invoke=ALL-UNNAMED --add-opens=java.base/java.util=ALL-UNNAMED --add-opens=java.prefs/java.util.prefs=ALL-UNNAMED --add-opens=java.prefs/java.util.prefs=ALL-UNNAMED --add-opens=java.base/java.nio.charset=ALL-UNNAMED --add-opens=java.base/java.net=ALL-UNNAMED --add-opens=java.base/java.util.concurrent.atomic=ALL-UNNAMED -XX:MaxMetaspaceSize=256m -XX:+HeapDumpOnOutOfMemoryError -Xms256m -Xmx512m -Dfile.encoding=UTF-8 -Duser.country=US -Duser.language=en -Duser.variant org.gradle.launcher.daemon.bootstrap.GradleDaemon 7.0.2

Host: 12th Gen Intel(R) Core(TM) i5-1235U, 12 cores, 5G,  Windows 10 , 64 bit Build 22621 (10.0.22621.3958)
Time: Wed Oct  9 14:49:27 2024 Central Daylight Time elapsed time: 24.632888 seconds (0d 0h 0m 24s)

---------------  T H R E A D  ---------------

Current thread (0x0000020cfeb249b0):  JavaThread "C2 CompilerThread0" daemon [_thread_in_native, id=27588, stack(0x000000b252b00000,0x000000b252c00000)]


Current CompileTask:
C2:  24633 6012       4       java.lang.Class::privateGetPublicMethods (224 bytes)

Stack: [0x000000b252b00000,0x000000b252c00000]
Native frames: (J=compiled Java code, j=interpreted, Vv=VM code, C=native code)
V  [jvm.dll+0x647e0a]
V  [jvm.dll+0x7f0549]
V  [jvm.dll+0x7f1cfe]
V  [jvm.dll+0x7f2343]
V  [jvm.dll+0x23dd88]
V  [jvm.dll+0xc879a]
V  [jvm.dll+0xc8d4c]
V  [jvm.dll+0x29fbb2]
V  [jvm.dll+0x557f02]
V  [jvm.dll+0x218e28]
V  [jvm.dll+0x211e8f]
V  [jvm.dll+0x20fe07]
V  [jvm.dll+0x1a0d9b]
V  [jvm.dll+0x21f909]
V  [jvm.dll+0x21da9b]
V  [jvm.dll+0x7a8662]
V  [jvm.dll+0x7a223a]
V  [jvm.dll+0x646c46]
C  [ucrtbase.dll+0x29333]
C  [KERNEL32.DLL+0x1257d]
C  [ntdll.dll+0x5af28]


---------------  P R O C E S S  ---------------

Threads class SMR info:
_java_thread_list=0x0000020c8175e130, length=48, elements={
0x0000020ce2c7aff0, 0x0000020cfeb043d0, 0x0000020cfeb04fd0, 0x0000020cfeb0bf70,
0x0000020cfeb0cb70, 0x0000020cfeb137a0, 0x0000020cfeb142a0, 0x0000020cfeb249b0,
0x0000020cfeb254a0, 0x0000020cfeb26e00, 0x0000020cff61a740, 0x0000020cff61b070,
0x0000020c8114f290, 0x0000020c811663e0, 0x0000020c814cc020, 0x0000020c815420f0,
0x0000020c8154c770, 0x0000020c80bc8ce0, 0x0000020c80bca220, 0x0000020c80bc9230,
0x0000020c80bc9cd0, 0x0000020cff8f7ae0, 0x0000020cff8f45c0, 0x0000020cff8f5060,
0x0000020cff8f8030, 0x0000020cff8f9570, 0x0000020cff8f55b0, 0x0000020cff8f5b00,
0x0000020cff8f4b10, 0x0000020cff8fa560, 0x0000020cff8f8580, 0x0000020cff8f8ad0,
0x0000020cff8fbaa0, 0x0000020cff8f6050, 0x0000020cff8f65a0, 0x0000020cff8f9020,
0x0000020cff8f4070, 0x0000020cff8f6af0, 0x0000020cff8fa010, 0x0000020cff8f7040,
0x0000020cff8f9ac0, 0x0000020cff8faab0, 0x0000020cff8f7590, 0x0000020cff8fb000,
0x0000020c8093ce50, 0x0000020c80940e10, 0x0000020c8093fe20, 0x0000020c8093a920
}

Java Threads: ( => current thread )
  0x0000020ce2c7aff0 JavaThread "main" [_thread_blocked, id=20156, stack(0x000000b251e00000,0x000000b251f00000)]
  0x0000020cfeb043d0 JavaThread "Reference Handler" daemon [_thread_blocked, id=12788, stack(0x000000b252500000,0x000000b252600000)]
  0x0000020cfeb04fd0 JavaThread "Finalizer" daemon [_thread_blocked, id=5796, stack(0x000000b252600000,0x000000b252700000)]
  0x0000020cfeb0bf70 JavaThread "Signal Dispatcher" daemon [_thread_blocked, id=28972, stack(0x000000b252700000,0x000000b252800000)]
  0x0000020cfeb0cb70 JavaThread "Attach Listener" daemon [_thread_blocked, id=12684, stack(0x000000b252800000,0x000000b252900000)]
  0x0000020cfeb137a0 JavaThread "Service Thread" daemon [_thread_blocked, id=31300, stack(0x000000b252900000,0x000000b252a00000)]
  0x0000020cfeb142a0 JavaThread "Monitor Deflation Thread" daemon [_thread_blocked, id=11212, stack(0x000000b252a00000,0x000000b252b00000)]
=>0x0000020cfeb249b0 JavaThread "C2 CompilerThread0" daemon [_thread_in_native, id=27588, stack(0x000000b252b00000,0x000000b252c00000)]
  0x0000020cfeb254a0 JavaThread "C1 CompilerThread0" daemon [_thread_blocked, id=12244, stack(0x000000b252c00000,0x000000b252d00000)]
  0x0000020cfeb26e00 JavaThread "Sweeper thread" daemon [_thread_blocked, id=30872, stack(0x000000b252d00000,0x000000b252e00000)]
  0x0000020cff61a740 JavaThread "Common-Cleaner" daemon [_thread_blocked, id=15028, stack(0x000000b252e00000,0x000000b252f00000)]
  0x0000020cff61b070 JavaThread "Notification Thread" daemon [_thread_blocked, id=31436, stack(0x000000b252f00000,0x000000b253000000)]
  0x0000020c8114f290 JavaThread "Daemon health stats" [_thread_blocked, id=3304, stack(0x000000b253600000,0x000000b253700000)]
  0x0000020c811663e0 JavaThread "Incoming local TCP Connector on port 60402" [_thread_in_native, id=3044, stack(0x000000b253700000,0x000000b253800000)]
  0x0000020c814cc020 JavaThread "Daemon periodic checks" [_thread_blocked, id=3212, stack(0x000000b253800000,0x000000b253900000)]
  0x0000020c815420f0 JavaThread "Daemon" [_thread_blocked, id=13284, stack(0x000000b253900000,0x000000b253a00000)]
  0x0000020c8154c770 JavaThread "Handler for socket connection from /127.0.0.1:60402 to /127.0.0.1:60403" [_thread_in_native, id=13204, stack(0x000000b253a00000,0x000000b253b00000)]
  0x0000020c80bc8ce0 JavaThread "Cancel handler" [_thread_blocked, id=27428, stack(0x000000b253b00000,0x000000b253c00000)]
  0x0000020c80bca220 JavaThread "Daemon worker" [_thread_in_vm, id=7132, stack(0x000000b253c00000,0x000000b253d00000)]
  0x0000020c80bc9230 JavaThread "Asynchronous log dispatcher for DefaultDaemonConnection: socket connection from /127.0.0.1:60402 to /127.0.0.1:60403" [_thread_blocked, id=8936, stack(0x000000b253d00000,0x000000b253e00000)]
  0x0000020c80bc9cd0 JavaThread "Stdin handler" [_thread_blocked, id=7112, stack(0x000000b253e00000,0x000000b253f00000)]
  0x0000020cff8f7ae0 JavaThread "Daemon client event forwarder" [_thread_blocked, id=19920, stack(0x000000b253f00000,0x000000b254000000)]
  0x0000020cff8f45c0 JavaThread "Cache worker for file hash cache (C:\Users\gunch\.gradle\caches\7.0.2\fileHashes)" [_thread_blocked, id=23560, stack(0x000000b254000000,0x000000b254100000)]
  0x0000020cff8f5060 JavaThread "File lock request listener" [_thread_in_native, id=24620, stack(0x000000b254100000,0x000000b254200000)]
  0x0000020cff8f8030 JavaThread "Cache worker for journal cache (C:\Users\gunch\.gradle\caches\journal-1)" [_thread_blocked, id=3860, stack(0x000000b254200000,0x000000b254300000)]
  0x0000020cff8f9570 JavaThread "Cache worker for file hash cache (C:\Users\gunch\Documents\bloomtech\Unit5\Mod3\bd_lbc_team_template\template_java_project\.gradle\7.0.2\fileHashes)" [_thread_blocked, id=14980, stack(0x000000b254300000,0x000000b254400000)]
  0x0000020cff8f55b0 JavaThread "File watcher server" daemon [_thread_in_native, id=29864, stack(0x000000b254400000,0x000000b254500000)]
  0x0000020cff8f5b00 JavaThread "File watcher consumer" daemon [_thread_blocked, id=15988, stack(0x000000b254500000,0x000000b254600000)]
  0x0000020cff8f4b10 JavaThread "jar transforms" [_thread_blocked, id=15420, stack(0x000000b254600000,0x000000b254700000)]
  0x0000020cff8fa560 JavaThread "jar transforms Thread 2" [_thread_blocked, id=22184, stack(0x000000b254700000,0x000000b254800000)]
  0x0000020cff8f8580 JavaThread "jar transforms Thread 3" [_thread_blocked, id=30272, stack(0x000000b254800000,0x000000b254900000)]
  0x0000020cff8f8ad0 JavaThread "jar transforms Thread 4" [_thread_blocked, id=31184, stack(0x000000b254900000,0x000000b254a00000)]
  0x0000020cff8fbaa0 JavaThread "jar transforms Thread 5" [_thread_blocked, id=12408, stack(0x000000b254a00000,0x000000b254b00000)]
  0x0000020cff8f6050 JavaThread "jar transforms Thread 6" [_thread_blocked, id=26512, stack(0x000000b254b00000,0x000000b254c00000)]
  0x0000020cff8f65a0 JavaThread "jar transforms Thread 7" [_thread_blocked, id=25544, stack(0x000000b254c00000,0x000000b254d00000)]
  0x0000020cff8f9020 JavaThread "jar transforms Thread 8" [_thread_blocked, id=5288, stack(0x000000b254d00000,0x000000b254e00000)]
  0x0000020cff8f4070 JavaThread "jar transforms Thread 9" [_thread_blocked, id=25336, stack(0x000000b254e00000,0x000000b254f00000)]
  0x0000020cff8f6af0 JavaThread "jar transforms Thread 10" [_thread_blocked, id=15540, stack(0x000000b254f00000,0x000000b255000000)]
  0x0000020cff8fa010 JavaThread "jar transforms Thread 11" [_thread_blocked, id=31488, stack(0x000000b255000000,0x000000b255100000)]
  0x0000020cff8f7040 JavaThread "jar transforms Thread 12" [_thread_blocked, id=8944, stack(0x000000b255100000,0x000000b255200000)]
  0x0000020cff8f9ac0 JavaThread "Cache worker for checksums cache (C:\Users\gunch\Documents\bloomtech\Unit5\Mod3\bd_lbc_team_template\template_java_project\.gradle\checksums)" [_thread_blocked, id=2284, stack(0x000000b255200000,0x000000b255300000)]
  0x0000020cff8faab0 JavaThread "Cache worker for cache directory md-supplier (C:\Users\gunch\.gradle\caches\7.0.2\md-supplier)" [_thread_blocked, id=20604, stack(0x000000b255300000,0x000000b255400000)]
  0x0000020cff8f7590 JavaThread "Cache worker for cache directory md-rule (C:\Users\gunch\.gradle\caches\7.0.2\md-rule)" [_thread_blocked, id=20164, stack(0x000000b255a00000,0x000000b255b00000)]
  0x0000020cff8fb000 JavaThread "Cache worker for execution history cache (C:\Users\gunch\.gradle\caches\7.0.2\executionHistory)" [_thread_blocked, id=14292, stack(0x000000b255b00000,0x000000b255c00000)]
  0x0000020c8093ce50 JavaThread "Cache worker for file content cache (C:\Users\gunch\.gradle\caches\7.0.2\fileContent)" [_thread_blocked, id=13912, stack(0x000000b255c00000,0x000000b255d00000)]
  0x0000020c80940e10 JavaThread "Cache worker for dependencies-accessors (C:\Users\gunch\Documents\bloomtech\Unit5\Mod3\bd_lbc_team_template\template_java_project\.gradle\7.0.2\dependencies-accessors)" [_thread_blocked, id=11564, stack(0x000000b255e00000,0x000000b255f00000)]
  0x0000020c8093fe20 JavaThread "Cache worker for Build Output Cleanup Cache (C:\Users\gunch\Documents\bloomtech\Unit5\Mod3\bd_lbc_team_template\template_java_project\.gradle\buildOutputCleanup)" [_thread_blocked, id=9712, stack(0x000000b255f00000,0x000000b256000000)]
  0x0000020c8093a920 JavaThread "Memory manager" [_thread_blocked, id=27104, stack(0x000000b256000000,0x000000b256100000)]

Other Threads:
  0x0000020cfeaf6c00 VMThread "VM Thread" [stack: 0x000000b252400000,0x000000b252500000] [id=22840]
  0x0000020cff61f5a0 WatcherThread [stack: 0x000000b253000000,0x000000b253100000] [id=5320]
  0x0000020ce2ca3bd0 GCTaskThread "GC Thread#0" [stack: 0x000000b251f00000,0x000000b252000000] [id=6792]
  0x0000020c80530dc0 GCTaskThread "GC Thread#1" [stack: 0x000000b253100000,0x000000b253200000] [id=29060]
  0x0000020c805310d0 GCTaskThread "GC Thread#2" [stack: 0x000000b253200000,0x000000b253300000] [id=10996]
  0x0000020c805313e0 GCTaskThread "GC Thread#3" [stack: 0x000000b253300000,0x000000b253400000] [id=19936]
  0x0000020c80506340 GCTaskThread "GC Thread#4" [stack: 0x000000b253400000,0x000000b253500000] [id=13588]
  0x0000020c80506650 GCTaskThread "GC Thread#5" [stack: 0x000000b253500000,0x000000b253600000] [id=16616]
  0x0000020c82acfd20 GCTaskThread "GC Thread#6" [stack: 0x000000b255400000,0x000000b255500000] [id=31292]
  0x0000020c82ad0030 GCTaskThread "GC Thread#7" [stack: 0x000000b255500000,0x000000b255600000] [id=1736]
  0x0000020c82aceac0 GCTaskThread "GC Thread#8" [stack: 0x000000b255600000,0x000000b255700000] [id=31064]
  0x0000020c82acf3f0 GCTaskThread "GC Thread#9" [stack: 0x000000b255700000,0x000000b255800000] [id=26980]
  0x0000020ce2ca8bb0 ConcurrentGCThread "G1 Main Marker" [stack: 0x000000b252000000,0x000000b252100000] [id=18524]
  0x0000020ce2ca9540 ConcurrentGCThread "G1 Conc#0" [stack: 0x000000b252100000,0x000000b252200000] [id=25256]
  0x0000020c82ace4a0 ConcurrentGCThread "G1 Conc#1" [stack: 0x000000b255800000,0x000000b255900000] [id=25064]
  0x0000020c82ace7b0 ConcurrentGCThread "G1 Conc#2" [stack: 0x000000b255900000,0x000000b255a00000] [id=17112]
  0x0000020ce2d4ddf0 ConcurrentGCThread "G1 Refine#0" [stack: 0x000000b252200000,0x000000b252300000] [id=30888]
  0x0000020c820097b0 ConcurrentGCThread "G1 Refine#1" [stack: 0x000000b255d00000,0x000000b255e00000] [id=29532]
  0x0000020ce2d4e790 ConcurrentGCThread "G1 Service" [stack: 0x000000b252300000,0x000000b252400000] [id=26332]

Threads with active compile tasks:
C2 CompilerThread0    24756 6012       4       java.lang.Class::privateGetPublicMethods (224 bytes)

VM state: not at safepoint (normal execution)

VM Mutex/Monitor currently owned by a thread: None

Heap address: 0x00000000e0000000, size: 512 MB, Compressed Oops mode: 32-bit

CDS archive(s) mapped at: [0x0000000800000000-0x0000000800be0000-0x0000000800be0000), size 12451840, SharedBaseAddress: 0x0000000800000000, ArchiveRelocationMode: 0.
Compressed class space mapped at: 0x0000000800c00000-0x000000080dc00000, reserved size: 218103808
Narrow klass base: 0x0000000800000000, Narrow klass shift: 3, Narrow klass range: 0x100000000

GC Precious Log:
 CPUs: 12 total, 12 available
 Memory: 5702M
 Large Page Support: Disabled
 NUMA Support: Disabled
 Compressed Oops: Enabled (32-bit)
 Heap Region Size: 1M
 Heap Min Capacity: 256M
 Heap Initial Capacity: 256M
 Heap Max Capacity: 512M
 Pre-touch: Disabled
 Parallel Workers: 10
 Concurrent Workers: 3
 Concurrent Refinement Workers: 10
 Periodic GC: Disabled

Heap:
 garbage-first heap   total 262144K, used 140997K [0x00000000e0000000, 0x0000000100000000)
  region size 1024K, 89 young (91136K), 7 survivors (7168K)
 Metaspace       used 49688K, committed 50240K, reserved 262144K
  class space    used 6674K, committed 6912K, reserved 212992K

Heap Regions: E=young(eden), S=young(survivor), O=old, HS=humongous(starts), HC=humongous(continues), CS=collection set, F=free, OA=open archive, CA=closed archive, TAMS=top-at-mark-start (previous, next)
|   0|0x00000000e0000000, 0x00000000e0100000, 0x00000000e0100000|100%| O|  |TAMS 0x00000000e0000000, 0x00000000e0000000| Untracked 
|   1|0x00000000e0100000, 0x00000000e0200000, 0x00000000e0200000|100%| O|  |TAMS 0x00000000e0200000, 0x00000000e0100000| Untracked 
|   2|0x00000000e0200000, 0x00000000e0300000, 0x00000000e0300000|100%| O|  |TAMS 0x00000000e0300000, 0x00000000e0200000| Untracked 
|   3|0x00000000e0300000, 0x00000000e0400000, 0x00000000e0400000|100%|HS|  |TAMS 0x00000000e0400000, 0x00000000e0300000| Complete 
|   4|0x00000000e0400000, 0x00000000e0500000, 0x00000000e0500000|100%|HC|  |TAMS 0x00000000e0500000, 0x00000000e0400000| Complete 
|   5|0x00000000e0500000, 0x00000000e0600000, 0x00000000e0600000|100%|HC|  |TAMS 0x00000000e0600000, 0x00000000e0500000| Complete 
|   6|0x00000000e0600000, 0x00000000e0700000, 0x00000000e0700000|100%| O|  |TAMS 0x00000000e0700000, 0x00000000e0600000| Untracked 
|   7|0x00000000e0700000, 0x00000000e0800000, 0x00000000e0800000|100%| O|  |TAMS 0x00000000e0800000, 0x00000000e0700000| Untracked 
|   8|0x00000000e0800000, 0x00000000e0900000, 0x00000000e0900000|100%| O|  |TAMS 0x00000000e0900000, 0x00000000e0800000| Untracked 
|   9|0x00000000e0900000, 0x00000000e0a00000, 0x00000000e0a00000|100%| O|  |TAMS 0x00000000e09d9e00, 0x00000000e0900000| Untracked 
|  10|0x00000000e0a00000, 0x00000000e0b00000, 0x00000000e0b00000|100%|HS|  |TAMS 0x00000000e0b00000, 0x00000000e0a00000| Complete 
|  11|0x00000000e0b00000, 0x00000000e0c00000, 0x00000000e0c00000|100%|HC|  |TAMS 0x00000000e0c00000, 0x00000000e0b00000| Complete 
|  12|0x00000000e0c00000, 0x00000000e0d00000, 0x00000000e0d00000|100%|HC|  |TAMS 0x00000000e0d00000, 0x00000000e0c00000| Complete 
|  13|0x00000000e0d00000, 0x00000000e0e00000, 0x00000000e0e00000|100%|HC|  |TAMS 0x00000000e0e00000, 0x00000000e0d00000| Complete 
|  14|0x00000000e0e00000, 0x00000000e0f00000, 0x00000000e0f00000|100%|HC|  |TAMS 0x00000000e0f00000, 0x00000000e0e00000| Complete 
|  15|0x00000000e0f00000, 0x00000000e1000000, 0x00000000e1000000|100%|HS|  |TAMS 0x00000000e1000000, 0x00000000e0f00000| Complete 
|  16|0x00000000e1000000, 0x00000000e1100000, 0x00000000e1100000|100%|HC|  |TAMS 0x00000000e1100000, 0x00000000e1000000| Complete 
|  17|0x00000000e1100000, 0x00000000e1200000, 0x00000000e1200000|100%|HC|  |TAMS 0x00000000e1200000, 0x00000000e1100000| Complete 
|  18|0x00000000e1200000, 0x00000000e1300000, 0x00000000e1300000|100%|HS|  |TAMS 0x00000000e1300000, 0x00000000e1200000| Complete 
|  19|0x00000000e1300000, 0x00000000e1400000, 0x00000000e1400000|100%|HC|  |TAMS 0x00000000e1400000, 0x00000000e1300000| Complete 
|  20|0x00000000e1400000, 0x00000000e1500000, 0x00000000e1500000|100%|HS|  |TAMS 0x00000000e1500000, 0x00000000e1400000| Complete 
|  21|0x00000000e1500000, 0x00000000e1600000, 0x00000000e1600000|100%| O|  |TAMS 0x00000000e1500000, 0x00000000e1500000| Untracked 
|  22|0x00000000e1600000, 0x00000000e1700000, 0x00000000e1700000|100%| O|  |TAMS 0x00000000e1600000, 0x00000000e1600000| Untracked 
|  23|0x00000000e1700000, 0x00000000e1800000, 0x00000000e1800000|100%|HS|  |TAMS 0x00000000e1800000, 0x00000000e1700000| Complete 
|  24|0x00000000e1800000, 0x00000000e1900000, 0x00000000e1900000|100%|HC|  |TAMS 0x00000000e1900000, 0x00000000e1800000| Complete 
|  25|0x00000000e1900000, 0x00000000e1a00000, 0x00000000e1a00000|100%|HS|  |TAMS 0x00000000e1a00000, 0x00000000e1900000| Complete 
|  26|0x00000000e1a00000, 0x00000000e1b00000, 0x00000000e1b00000|100%|HC|  |TAMS 0x00000000e1b00000, 0x00000000e1a00000| Complete 
|  27|0x00000000e1b00000, 0x00000000e1c00000, 0x00000000e1c00000|100%|HC|  |TAMS 0x00000000e1c00000, 0x00000000e1b00000| Complete 
|  28|0x00000000e1c00000, 0x00000000e1d00000, 0x00000000e1d00000|100%|HC|  |TAMS 0x00000000e1d00000, 0x00000000e1c00000| Complete 
|  29|0x00000000e1d00000, 0x00000000e1e00000, 0x00000000e1e00000|100%|HC|  |TAMS 0x00000000e1e00000, 0x00000000e1d00000| Complete 
|  30|0x00000000e1e00000, 0x00000000e1f00000, 0x00000000e1f00000|100%|HC|  |TAMS 0x00000000e1f00000, 0x00000000e1e00000| Complete 
|  31|0x00000000e1f00000, 0x00000000e1f00000, 0x00000000e2000000|  0%| F|  |TAMS 0x00000000e1f00000, 0x00000000e1f00000| Untracked 
|  32|0x00000000e2000000, 0x00000000e2100000, 0x00000000e2100000|100%| O|  |TAMS 0x00000000e2000000, 0x00000000e2000000| Untracked 
|  33|0x00000000e2100000, 0x00000000e2200000, 0x00000000e2200000|100%| O|  |TAMS 0x00000000e2100000, 0x00000000e2100000| Untracked 
|  34|0x00000000e2200000, 0x00000000e2300000, 0x00000000e2300000|100%| O|  |TAMS 0x00000000e2200000, 0x00000000e2200000| Untracked 
|  35|0x00000000e2300000, 0x00000000e2400000, 0x00000000e2400000|100%| O|  |TAMS 0x00000000e2300000, 0x00000000e2300000| Untracked 
|  36|0x00000000e2400000, 0x00000000e2500000, 0x00000000e2500000|100%| O|  |TAMS 0x00000000e2400000, 0x00000000e2400000| Untracked 
|  37|0x00000000e2500000, 0x00000000e2600000, 0x00000000e2600000|100%| O|  |TAMS 0x00000000e2500000, 0x00000000e2500000| Untracked 
|  38|0x00000000e2600000, 0x00000000e2700000, 0x00000000e2700000|100%| O|  |TAMS 0x00000000e2600000, 0x00000000e2600000| Untracked 
|  39|0x00000000e2700000, 0x00000000e2800000, 0x00000000e2800000|100%| O|  |TAMS 0x00000000e2700000, 0x00000000e2700000| Untracked 
|  40|0x00000000e2800000, 0x00000000e2900000, 0x00000000e2900000|100%| O|  |TAMS 0x00000000e2800000, 0x00000000e2800000| Untracked 
|  41|0x00000000e2900000, 0x00000000e2a00000, 0x00000000e2a00000|100%| O|  |TAMS 0x00000000e2900000, 0x00000000e2900000| Untracked 
|  42|0x00000000e2a00000, 0x00000000e2b00000, 0x00000000e2b00000|100%| O|  |TAMS 0x00000000e2a00000, 0x00000000e2a00000| Untracked 
|  43|0x00000000e2b00000, 0x00000000e2c00000, 0x00000000e2c00000|100%| O|  |TAMS 0x00000000e2b00000, 0x00000000e2b00000| Untracked 
|  44|0x00000000e2c00000, 0x00000000e2d00000, 0x00000000e2d00000|100%| O|  |TAMS 0x00000000e2c00000, 0x00000000e2c00000| Untracked 
|  45|0x00000000e2d00000, 0x00000000e2e00000, 0x00000000e2e00000|100%| O|  |TAMS 0x00000000e2d00000, 0x00000000e2d00000| Untracked 
|  46|0x00000000e2e00000, 0x00000000e2f00000, 0x00000000e2f00000|100%| O|  |TAMS 0x00000000e2e00000, 0x00000000e2e00000| Untracked 
|  47|0x00000000e2f00000, 0x00000000e3000000, 0x00000000e3000000|100%| O|  |TAMS 0x00000000e2f00000, 0x00000000e2f00000| Untracked 
|  48|0x00000000e3000000, 0x00000000e3100000, 0x00000000e3100000|100%| O|  |TAMS 0x00000000e3000000, 0x00000000e3000000| Untracked 
|  49|0x00000000e3100000, 0x00000000e3200000, 0x00000000e3200000|100%| O|  |TAMS 0x00000000e3100000, 0x00000000e3100000| Untracked 
|  50|0x00000000e3200000, 0x00000000e32bfc00, 0x00000000e3300000| 74%| O|  |TAMS 0x00000000e3200000, 0x00000000e3200000| Untracked 
|  51|0x00000000e3300000, 0x00000000e3300000, 0x00000000e3400000|  0%| F|  |TAMS 0x00000000e3300000, 0x00000000e3300000| Untracked 
|  52|0x00000000e3400000, 0x00000000e3400000, 0x00000000e3500000|  0%| F|  |TAMS 0x00000000e3400000, 0x00000000e3400000| Untracked 
|  53|0x00000000e3500000, 0x00000000e3500000, 0x00000000e3600000|  0%| F|  |TAMS 0x00000000e3500000, 0x00000000e3500000| Untracked 
|  54|0x00000000e3600000, 0x00000000e3600000, 0x00000000e3700000|  0%| F|  |TAMS 0x00000000e3600000, 0x00000000e3600000| Untracked 
|  55|0x00000000e3700000, 0x00000000e3700000, 0x00000000e3800000|  0%| F|  |TAMS 0x00000000e3700000, 0x00000000e3700000| Untracked 
|  56|0x00000000e3800000, 0x00000000e3800000, 0x00000000e3900000|  0%| F|  |TAMS 0x00000000e3800000, 0x00000000e3800000| Untracked 
|  57|0x00000000e3900000, 0x00000000e3900000, 0x00000000e3a00000|  0%| F|  |TAMS 0x00000000e3900000, 0x00000000e3900000| Untracked 
|  58|0x00000000e3a00000, 0x00000000e3a00000, 0x00000000e3b00000|  0%| F|  |TAMS 0x00000000e3a00000, 0x00000000e3a00000| Untracked 
|  59|0x00000000e3b00000, 0x00000000e3b00000, 0x00000000e3c00000|  0%| F|  |TAMS 0x00000000e3b00000, 0x00000000e3b00000| Untracked 
|  60|0x00000000e3c00000, 0x00000000e3c00000, 0x00000000e3d00000|  0%| F|  |TAMS 0x00000000e3c00000, 0x00000000e3c00000| Untracked 
|  61|0x00000000e3d00000, 0x00000000e3d00000, 0x00000000e3e00000|  0%| F|  |TAMS 0x00000000e3d00000, 0x00000000e3d00000| Untracked 
|  62|0x00000000e3e00000, 0x00000000e3e00000, 0x00000000e3f00000|  0%| F|  |TAMS 0x00000000e3e00000, 0x00000000e3e00000| Untracked 
|  63|0x00000000e3f00000, 0x00000000e3f00000, 0x00000000e4000000|  0%| F|  |TAMS 0x00000000e3f00000, 0x00000000e3f00000| Untracked 
|  64|0x00000000e4000000, 0x00000000e4000000, 0x00000000e4100000|  0%| F|  |TAMS 0x00000000e4000000, 0x00000000e4000000| Untracked 
|  65|0x00000000e4100000, 0x00000000e4100000, 0x00000000e4200000|  0%| F|  |TAMS 0x00000000e4100000, 0x00000000e4100000| Untracked 
|  66|0x00000000e4200000, 0x00000000e4200000, 0x00000000e4300000|  0%| F|  |TAMS 0x00000000e4200000, 0x00000000e4200000| Untracked 
|  67|0x00000000e4300000, 0x00000000e4300000, 0x00000000e4400000|  0%| F|  |TAMS 0x00000000e4300000, 0x00000000e4300000| Untracked 
|  68|0x00000000e4400000, 0x00000000e4400000, 0x00000000e4500000|  0%| F|  |TAMS 0x00000000e4400000, 0x00000000e4400000| Untracked 
|  69|0x00000000e4500000, 0x00000000e4500000, 0x00000000e4600000|  0%| F|  |TAMS 0x00000000e4500000, 0x00000000e4500000| Untracked 
|  70|0x00000000e4600000, 0x00000000e4600000, 0x00000000e4700000|  0%| F|  |TAMS 0x00000000e4600000, 0x00000000e4600000| Untracked 
|  71|0x00000000e4700000, 0x00000000e4700000, 0x00000000e4800000|  0%| F|  |TAMS 0x00000000e4700000, 0x00000000e4700000| Untracked 
|  72|0x00000000e4800000, 0x00000000e4800000, 0x00000000e4900000|  0%| F|  |TAMS 0x00000000e4800000, 0x00000000e4800000| Untracked 
|  73|0x00000000e4900000, 0x00000000e4900000, 0x00000000e4a00000|  0%| F|  |TAMS 0x00000000e4900000, 0x00000000e4900000| Untracked 
|  74|0x00000000e4a00000, 0x00000000e4a00000, 0x00000000e4b00000|  0%| F|  |TAMS 0x00000000e4a00000, 0x00000000e4a00000| Untracked 
|  75|0x00000000e4b00000, 0x00000000e4b00000, 0x00000000e4c00000|  0%| F|  |TAMS 0x00000000e4b00000, 0x00000000e4b00000| Untracked 
|  76|0x00000000e4c00000, 0x00000000e4c00000, 0x00000000e4d00000|  0%| F|  |TAMS 0x00000000e4c00000, 0x00000000e4c00000| Untracked 
|  77|0x00000000e4d00000, 0x00000000e4d00000, 0x00000000e4e00000|  0%| F|  |TAMS 0x00000000e4d00000, 0x00000000e4d00000| Untracked 
|  78|0x00000000e4e00000, 0x00000000e4e00000, 0x00000000e4f00000|  0%| F|  |TAMS 0x00000000e4e00000, 0x00000000e4e00000| Untracked 
|  79|0x00000000e4f00000, 0x00000000e4f00000, 0x00000000e5000000|  0%| F|  |TAMS 0x00000000e4f00000, 0x00000000e4f00000| Untracked 
|  80|0x00000000e5000000, 0x00000000e5000000, 0x00000000e5100000|  0%| F|  |TAMS 0x00000000e5000000, 0x00000000e5000000| Untracked 
|  81|0x00000000e5100000, 0x00000000e5100000, 0x00000000e5200000|  0%| F|  |TAMS 0x00000000e5100000, 0x00000000e5100000| Untracked 
|  82|0x00000000e5200000, 0x00000000e5200000, 0x00000000e5300000|  0%| F|  |TAMS 0x00000000e5200000, 0x00000000e5200000| Untracked 
|  83|0x00000000e5300000, 0x00000000e5300000, 0x00000000e5400000|  0%| F|  |TAMS 0x00000000e5300000, 0x00000000e5300000| Untracked 
|  84|0x00000000e5400000, 0x00000000e5400000, 0x00000000e5500000|  0%| F|  |TAMS 0x00000000e5400000, 0x00000000e5400000| Untracked 
|  85|0x00000000e5500000, 0x00000000e5500000, 0x00000000e5600000|  0%| F|  |TAMS 0x00000000e5500000, 0x00000000e5500000| Untracked 
|  86|0x00000000e5600000, 0x00000000e5600000, 0x00000000e5700000|  0%| F|  |TAMS 0x00000000e5600000, 0x00000000e5600000| Untracked 
|  87|0x00000000e5700000, 0x00000000e5700000, 0x00000000e5800000|  0%| F|  |TAMS 0x00000000e5700000, 0x00000000e5700000| Untracked 
|  88|0x00000000e5800000, 0x00000000e5800000, 0x00000000e5900000|  0%| F|  |TAMS 0x00000000e5800000, 0x00000000e5800000| Untracked 
|  89|0x00000000e5900000, 0x00000000e5900000, 0x00000000e5a00000|  0%| F|  |TAMS 0x00000000e5900000, 0x00000000e5900000| Untracked 
|  90|0x00000000e5a00000, 0x00000000e5a00000, 0x00000000e5b00000|  0%| F|  |TAMS 0x00000000e5a00000, 0x00000000e5a00000| Untracked 
|  91|0x00000000e5b00000, 0x00000000e5b00000, 0x00000000e5c00000|  0%| F|  |TAMS 0x00000000e5b00000, 0x00000000e5b00000| Untracked 
|  92|0x00000000e5c00000, 0x00000000e5c00000, 0x00000000e5d00000|  0%| F|  |TAMS 0x00000000e5c00000, 0x00000000e5c00000| Untracked 
|  93|0x00000000e5d00000, 0x00000000e5d00000, 0x00000000e5e00000|  0%| F|  |TAMS 0x00000000e5d00000, 0x00000000e5d00000| Untracked 
|  94|0x00000000e5e00000, 0x00000000e5e00000, 0x00000000e5f00000|  0%| F|  |TAMS 0x00000000e5e00000, 0x00000000e5e00000| Untracked 
|  95|0x00000000e5f00000, 0x00000000e5f00000, 0x00000000e6000000|  0%| F|  |TAMS 0x00000000e5f00000, 0x00000000e5f00000| Untracked 
|  96|0x00000000e6000000, 0x00000000e6000000, 0x00000000e6100000|  0%| F|  |TAMS 0x00000000e6000000, 0x00000000e6000000| Untracked 
|  97|0x00000000e6100000, 0x00000000e6100000, 0x00000000e6200000|  0%| F|  |TAMS 0x00000000e6100000, 0x00000000e6100000| Untracked 
|  98|0x00000000e6200000, 0x00000000e6200000, 0x00000000e6300000|  0%| F|  |TAMS 0x00000000e6200000, 0x00000000e6200000| Untracked 
|  99|0x00000000e6300000, 0x00000000e6300000, 0x00000000e6400000|  0%| F|  |TAMS 0x00000000e6300000, 0x00000000e6300000| Untracked 
| 100|0x00000000e6400000, 0x00000000e6400000, 0x00000000e6500000|  0%| F|  |TAMS 0x00000000e6400000, 0x00000000e6400000| Untracked 
| 101|0x00000000e6500000, 0x00000000e6500000, 0x00000000e6600000|  0%| F|  |TAMS 0x00000000e6500000, 0x00000000e6500000| Untracked 
| 102|0x00000000e6600000, 0x00000000e6600000, 0x00000000e6700000|  0%| F|  |TAMS 0x00000000e6600000, 0x00000000e6600000| Untracked 
| 103|0x00000000e6700000, 0x00000000e6700000, 0x00000000e6800000|  0%| F|  |TAMS 0x00000000e6700000, 0x00000000e6700000| Untracked 
| 104|0x00000000e6800000, 0x00000000e6800000, 0x00000000e6900000|  0%| F|  |TAMS 0x00000000e6800000, 0x00000000e6800000| Untracked 
| 105|0x00000000e6900000, 0x00000000e6900000, 0x00000000e6a00000|  0%| F|  |TAMS 0x00000000e6900000, 0x00000000e6900000| Untracked 
| 106|0x00000000e6a00000, 0x00000000e6a00000, 0x00000000e6b00000|  0%| F|  |TAMS 0x00000000e6a00000, 0x00000000e6a00000| Untracked 
| 107|0x00000000e6b00000, 0x00000000e6b00000, 0x00000000e6c00000|  0%| F|  |TAMS 0x00000000e6b00000, 0x00000000e6b00000| Untracked 
| 108|0x00000000e6c00000, 0x00000000e6c00000, 0x00000000e6d00000|  0%| F|  |TAMS 0x00000000e6c00000, 0x00000000e6c00000| Untracked 
| 109|0x00000000e6d00000, 0x00000000e6d00000, 0x00000000e6e00000|  0%| F|  |TAMS 0x00000000e6d00000, 0x00000000e6d00000| Untracked 
| 110|0x00000000e6e00000, 0x00000000e6e00000, 0x00000000e6f00000|  0%| F|  |TAMS 0x00000000e6e00000, 0x00000000e6e00000| Untracked 
| 111|0x00000000e6f00000, 0x00000000e6ff1aa0, 0x00000000e7000000| 94%| S|CS|TAMS 0x00000000e6f00000, 0x00000000e6f00000| Complete 
| 112|0x00000000e7000000, 0x00000000e7100000, 0x00000000e7100000|100%| S|CS|TAMS 0x00000000e7000000, 0x00000000e7000000| Complete 
| 113|0x00000000e7100000, 0x00000000e7200000, 0x00000000e7200000|100%| S|CS|TAMS 0x00000000e7100000, 0x00000000e7100000| Complete 
| 114|0x00000000e7200000, 0x00000000e7300000, 0x00000000e7300000|100%| S|CS|TAMS 0x00000000e7200000, 0x00000000e7200000| Complete 
| 115|0x00000000e7300000, 0x00000000e7400000, 0x00000000e7400000|100%| S|CS|TAMS 0x00000000e7300000, 0x00000000e7300000| Complete 
| 116|0x00000000e7400000, 0x00000000e7500000, 0x00000000e7500000|100%| S|CS|TAMS 0x00000000e7400000, 0x00000000e7400000| Complete 
| 117|0x00000000e7500000, 0x00000000e7600000, 0x00000000e7600000|100%| S|CS|TAMS 0x00000000e7500000, 0x00000000e7500000| Complete 
| 118|0x00000000e7600000, 0x00000000e7600000, 0x00000000e7700000|  0%| F|  |TAMS 0x00000000e7600000, 0x00000000e7600000| Untracked 
| 119|0x00000000e7700000, 0x00000000e7700000, 0x00000000e7800000|  0%| F|  |TAMS 0x00000000e7700000, 0x00000000e7700000| Untracked 
| 120|0x00000000e7800000, 0x00000000e7800000, 0x00000000e7900000|  0%| F|  |TAMS 0x00000000e7800000, 0x00000000e7800000| Untracked 
| 121|0x00000000e7900000, 0x00000000e7900000, 0x00000000e7a00000|  0%| F|  |TAMS 0x00000000e7900000, 0x00000000e7900000| Untracked 
| 122|0x00000000e7a00000, 0x00000000e7a00000, 0x00000000e7b00000|  0%| F|  |TAMS 0x00000000e7a00000, 0x00000000e7a00000| Untracked 
| 123|0x00000000e7b00000, 0x00000000e7b00000, 0x00000000e7c00000|  0%| F|  |TAMS 0x00000000e7b00000, 0x00000000e7b00000| Untracked 
| 124|0x00000000e7c00000, 0x00000000e7c00000, 0x00000000e7d00000|  0%| F|  |TAMS 0x00000000e7c00000, 0x00000000e7c00000| Untracked 
| 125|0x00000000e7d00000, 0x00000000e7d00000, 0x00000000e7e00000|  0%| F|  |TAMS 0x00000000e7d00000, 0x00000000e7d00000| Untracked 
| 126|0x00000000e7e00000, 0x00000000e7e00000, 0x00000000e7f00000|  0%| F|  |TAMS 0x00000000e7e00000, 0x00000000e7e00000| Untracked 
| 127|0x00000000e7f00000, 0x00000000e7f00000, 0x00000000e8000000|  0%| F|  |TAMS 0x00000000e7f00000, 0x00000000e7f00000| Untracked 
| 128|0x00000000e8000000, 0x00000000e8000000, 0x00000000e8100000|  0%| F|  |TAMS 0x00000000e8000000, 0x00000000e8000000| Untracked 
| 129|0x00000000e8100000, 0x00000000e8100000, 0x00000000e8200000|  0%| F|  |TAMS 0x00000000e8100000, 0x00000000e8100000| Untracked 
| 130|0x00000000e8200000, 0x00000000e8200000, 0x00000000e8300000|  0%| F|  |TAMS 0x00000000e8200000, 0x00000000e8200000| Untracked 
| 131|0x00000000e8300000, 0x00000000e8300000, 0x00000000e8400000|  0%| F|  |TAMS 0x00000000e8300000, 0x00000000e8300000| Untracked 
| 132|0x00000000e8400000, 0x00000000e8400000, 0x00000000e8500000|  0%| F|  |TAMS 0x00000000e8400000, 0x00000000e8400000| Untracked 
| 133|0x00000000e8500000, 0x00000000e8500000, 0x00000000e8600000|  0%| F|  |TAMS 0x00000000e8500000, 0x00000000e8500000| Untracked 
| 134|0x00000000e8600000, 0x00000000e8600000, 0x00000000e8700000|  0%| F|  |TAMS 0x00000000e8600000, 0x00000000e8600000| Untracked 
| 135|0x00000000e8700000, 0x00000000e8700000, 0x00000000e8800000|  0%| F|  |TAMS 0x00000000e8700000, 0x00000000e8700000| Untracked 
| 136|0x00000000e8800000, 0x00000000e8800000, 0x00000000e8900000|  0%| F|  |TAMS 0x00000000e8800000, 0x00000000e8800000| Untracked 
| 137|0x00000000e8900000, 0x00000000e8900000, 0x00000000e8a00000|  0%| F|  |TAMS 0x00000000e8900000, 0x00000000e8900000| Untracked 
| 138|0x00000000e8a00000, 0x00000000e8a00000, 0x00000000e8b00000|  0%| F|  |TAMS 0x00000000e8a00000, 0x00000000e8a00000| Untracked 
| 139|0x00000000e8b00000, 0x00000000e8b00000, 0x00000000e8c00000|  0%| F|  |TAMS 0x00000000e8b00000, 0x00000000e8b00000| Untracked 
| 140|0x00000000e8c00000, 0x00000000e8c00000, 0x00000000e8d00000|  0%| F|  |TAMS 0x00000000e8c00000, 0x00000000e8c00000| Untracked 
| 141|0x00000000e8d00000, 0x00000000e8d00000, 0x00000000e8e00000|  0%| F|  |TAMS 0x00000000e8d00000, 0x00000000e8d00000| Untracked 
| 142|0x00000000e8e00000, 0x00000000e8e00000, 0x00000000e8f00000|  0%| F|  |TAMS 0x00000000e8e00000, 0x00000000e8e00000| Untracked 
| 143|0x00000000e8f00000, 0x00000000e8f00000, 0x00000000e9000000|  0%| F|  |TAMS 0x00000000e8f00000, 0x00000000e8f00000| Untracked 
| 144|0x00000000e9000000, 0x00000000e9000000, 0x00000000e9100000|  0%| F|  |TAMS 0x00000000e9000000, 0x00000000e9000000| Untracked 
| 145|0x00000000e9100000, 0x00000000e9100000, 0x00000000e9200000|  0%| F|  |TAMS 0x00000000e9100000, 0x00000000e9100000| Untracked 
| 146|0x00000000e9200000, 0x00000000e9200000, 0x00000000e9300000|  0%| F|  |TAMS 0x00000000e9200000, 0x00000000e9200000| Untracked 
| 147|0x00000000e9300000, 0x00000000e9300000, 0x00000000e9400000|  0%| F|  |TAMS 0x00000000e9300000, 0x00000000e9300000| Untracked 
| 148|0x00000000e9400000, 0x00000000e9400000, 0x00000000e9500000|  0%| F|  |TAMS 0x00000000e9400000, 0x00000000e9400000| Untracked 
| 149|0x00000000e9500000, 0x00000000e9500000, 0x00000000e9600000|  0%| F|  |TAMS 0x00000000e9500000, 0x00000000e9500000| Untracked 
| 150|0x00000000e9600000, 0x00000000e9600000, 0x00000000e9700000|  0%| F|  |TAMS 0x00000000e9600000, 0x00000000e9600000| Untracked 
| 151|0x00000000e9700000, 0x00000000e9700000, 0x00000000e9800000|  0%| F|  |TAMS 0x00000000e9700000, 0x00000000e9700000| Untracked 
| 152|0x00000000e9800000, 0x00000000e9800000, 0x00000000e9900000|  0%| F|  |TAMS 0x00000000e9800000, 0x00000000e9800000| Untracked 
| 153|0x00000000e9900000, 0x00000000e9900000, 0x00000000e9a00000|  0%| F|  |TAMS 0x00000000e9900000, 0x00000000e9900000| Untracked 
| 154|0x00000000e9a00000, 0x00000000e9a00000, 0x00000000e9b00000|  0%| F|  |TAMS 0x00000000e9a00000, 0x00000000e9a00000| Untracked 
| 155|0x00000000e9b00000, 0x00000000e9b00000, 0x00000000e9c00000|  0%| F|  |TAMS 0x00000000e9b00000, 0x00000000e9b00000| Untracked 
| 156|0x00000000e9c00000, 0x00000000e9c00000, 0x00000000e9d00000|  0%| F|  |TAMS 0x00000000e9c00000, 0x00000000e9c00000| Untracked 
| 157|0x00000000e9d00000, 0x00000000e9d00000, 0x00000000e9e00000|  0%| F|  |TAMS 0x00000000e9d00000, 0x00000000e9d00000| Untracked 
| 158|0x00000000e9e00000, 0x00000000e9e00000, 0x00000000e9f00000|  0%| F|  |TAMS 0x00000000e9e00000, 0x00000000e9e00000| Untracked 
| 159|0x00000000e9f00000, 0x00000000e9f00000, 0x00000000ea000000|  0%| F|  |TAMS 0x00000000e9f00000, 0x00000000e9f00000| Untracked 
| 160|0x00000000ea000000, 0x00000000ea000000, 0x00000000ea100000|  0%| F|  |TAMS 0x00000000ea000000, 0x00000000ea000000| Untracked 
| 161|0x00000000ea100000, 0x00000000ea100000, 0x00000000ea200000|  0%| F|  |TAMS 0x00000000ea100000, 0x00000000ea100000| Untracked 
| 162|0x00000000ea200000, 0x00000000ea200000, 0x00000000ea300000|  0%| F|  |TAMS 0x00000000ea200000, 0x00000000ea200000| Untracked 
| 163|0x00000000ea300000, 0x00000000ea300000, 0x00000000ea400000|  0%| F|  |TAMS 0x00000000ea300000, 0x00000000ea300000| Untracked 
| 164|0x00000000ea400000, 0x00000000ea400000, 0x00000000ea500000|  0%| F|  |TAMS 0x00000000ea400000, 0x00000000ea400000| Untracked 
| 165|0x00000000ea500000, 0x00000000ea500000, 0x00000000ea600000|  0%| F|  |TAMS 0x00000000ea500000, 0x00000000ea500000| Untracked 
| 166|0x00000000ea600000, 0x00000000ea600000, 0x00000000ea700000|  0%| F|  |TAMS 0x00000000ea600000, 0x00000000ea600000| Untracked 
| 167|0x00000000ea700000, 0x00000000ea700000, 0x00000000ea800000|  0%| F|  |TAMS 0x00000000ea700000, 0x00000000ea700000| Untracked 
| 168|0x00000000ea800000, 0x00000000ea800000, 0x00000000ea900000|  0%| F|  |TAMS 0x00000000ea800000, 0x00000000ea800000| Untracked 
| 169|0x00000000ea900000, 0x00000000ea900000, 0x00000000eaa00000|  0%| F|  |TAMS 0x00000000ea900000, 0x00000000ea900000| Untracked 
| 170|0x00000000eaa00000, 0x00000000eaa00000, 0x00000000eab00000|  0%| F|  |TAMS 0x00000000eaa00000, 0x00000000eaa00000| Untracked 
| 171|0x00000000eab00000, 0x00000000eab00000, 0x00000000eac00000|  0%| F|  |TAMS 0x00000000eab00000, 0x00000000eab00000| Untracked 
| 172|0x00000000eac00000, 0x00000000eac00000, 0x00000000ead00000|  0%| F|  |TAMS 0x00000000eac00000, 0x00000000eac00000| Untracked 
| 173|0x00000000ead00000, 0x00000000ead00000, 0x00000000eae00000|  0%| F|  |TAMS 0x00000000ead00000, 0x00000000ead00000| Untracked 
| 174|0x00000000eae00000, 0x00000000eae80800, 0x00000000eaf00000| 50%| E|  |TAMS 0x00000000eae00000, 0x00000000eae00000| Complete 
| 175|0x00000000eaf00000, 0x00000000eb000000, 0x00000000eb000000|100%| E|CS|TAMS 0x00000000eaf00000, 0x00000000eaf00000| Complete 
| 176|0x00000000eb000000, 0x00000000eb100000, 0x00000000eb100000|100%| E|CS|TAMS 0x00000000eb000000, 0x00000000eb000000| Complete 
| 177|0x00000000eb100000, 0x00000000eb200000, 0x00000000eb200000|100%| E|CS|TAMS 0x00000000eb100000, 0x00000000eb100000| Complete 
| 178|0x00000000eb200000, 0x00000000eb300000, 0x00000000eb300000|100%| E|CS|TAMS 0x00000000eb200000, 0x00000000eb200000| Complete 
| 179|0x00000000eb300000, 0x00000000eb400000, 0x00000000eb400000|100%| E|CS|TAMS 0x00000000eb300000, 0x00000000eb300000| Complete 
| 180|0x00000000eb400000, 0x00000000eb500000, 0x00000000eb500000|100%| E|CS|TAMS 0x00000000eb400000, 0x00000000eb400000| Complete 
| 181|0x00000000eb500000, 0x00000000eb600000, 0x00000000eb600000|100%| E|CS|TAMS 0x00000000eb500000, 0x00000000eb500000| Complete 
| 182|0x00000000eb600000, 0x00000000eb700000, 0x00000000eb700000|100%| E|CS|TAMS 0x00000000eb600000, 0x00000000eb600000| Complete 
| 183|0x00000000eb700000, 0x00000000eb800000, 0x00000000eb800000|100%| E|CS|TAMS 0x00000000eb700000, 0x00000000eb700000| Complete 
| 184|0x00000000eb800000, 0x00000000eb900000, 0x00000000eb900000|100%| E|CS|TAMS 0x00000000eb800000, 0x00000000eb800000| Complete 
| 185|0x00000000eb900000, 0x00000000eba00000, 0x00000000eba00000|100%| E|CS|TAMS 0x00000000eb900000, 0x00000000eb900000| Complete 
| 186|0x00000000eba00000, 0x00000000ebb00000, 0x00000000ebb00000|100%| E|CS|TAMS 0x00000000eba00000, 0x00000000eba00000| Complete 
| 187|0x00000000ebb00000, 0x00000000ebc00000, 0x00000000ebc00000|100%| E|CS|TAMS 0x00000000ebb00000, 0x00000000ebb00000| Complete 
| 188|0x00000000ebc00000, 0x00000000ebd00000, 0x00000000ebd00000|100%| E|CS|TAMS 0x00000000ebc00000, 0x00000000ebc00000| Complete 
| 189|0x00000000ebd00000, 0x00000000ebe00000, 0x00000000ebe00000|100%| E|CS|TAMS 0x00000000ebd00000, 0x00000000ebd00000| Complete 
| 190|0x00000000ebe00000, 0x00000000ebf00000, 0x00000000ebf00000|100%| E|CS|TAMS 0x00000000ebe00000, 0x00000000ebe00000| Complete 
| 191|0x00000000ebf00000, 0x00000000ec000000, 0x00000000ec000000|100%| E|CS|TAMS 0x00000000ebf00000, 0x00000000ebf00000| Complete 
| 192|0x00000000ec000000, 0x00000000ec100000, 0x00000000ec100000|100%| E|CS|TAMS 0x00000000ec000000, 0x00000000ec000000| Complete 
| 193|0x00000000ec100000, 0x00000000ec200000, 0x00000000ec200000|100%| E|CS|TAMS 0x00000000ec100000, 0x00000000ec100000| Complete 
| 194|0x00000000ec200000, 0x00000000ec300000, 0x00000000ec300000|100%| E|CS|TAMS 0x00000000ec200000, 0x00000000ec200000| Complete 
| 195|0x00000000ec300000, 0x00000000ec400000, 0x00000000ec400000|100%| E|CS|TAMS 0x00000000ec300000, 0x00000000ec300000| Complete 
| 196|0x00000000ec400000, 0x00000000ec500000, 0x00000000ec500000|100%| E|CS|TAMS 0x00000000ec400000, 0x00000000ec400000| Complete 
| 197|0x00000000ec500000, 0x00000000ec600000, 0x00000000ec600000|100%| E|CS|TAMS 0x00000000ec500000, 0x00000000ec500000| Complete 
| 198|0x00000000ec600000, 0x00000000ec700000, 0x00000000ec700000|100%| E|CS|TAMS 0x00000000ec600000, 0x00000000ec600000| Complete 
| 199|0x00000000ec700000, 0x00000000ec800000, 0x00000000ec800000|100%| E|CS|TAMS 0x00000000ec700000, 0x00000000ec700000| Complete 
| 200|0x00000000ec800000, 0x00000000ec900000, 0x00000000ec900000|100%| E|CS|TAMS 0x00000000ec800000, 0x00000000ec800000| Complete 
| 201|0x00000000ec900000, 0x00000000eca00000, 0x00000000eca00000|100%| E|CS|TAMS 0x00000000ec900000, 0x00000000ec900000| Complete 
| 202|0x00000000eca00000, 0x00000000ecb00000, 0x00000000ecb00000|100%| E|CS|TAMS 0x00000000eca00000, 0x00000000eca00000| Complete 
| 203|0x00000000ecb00000, 0x00000000ecc00000, 0x00000000ecc00000|100%| E|CS|TAMS 0x00000000ecb00000, 0x00000000ecb00000| Complete 
| 204|0x00000000ecc00000, 0x00000000ecd00000, 0x00000000ecd00000|100%| E|CS|TAMS 0x00000000ecc00000, 0x00000000ecc00000| Complete 
| 205|0x00000000ecd00000, 0x00000000ece00000, 0x00000000ece00000|100%| E|CS|TAMS 0x00000000ecd00000, 0x00000000ecd00000| Complete 
| 206|0x00000000ece00000, 0x00000000ecf00000, 0x00000000ecf00000|100%| E|CS|TAMS 0x00000000ece00000, 0x00000000ece00000| Complete 
| 207|0x00000000ecf00000, 0x00000000ed000000, 0x00000000ed000000|100%| E|CS|TAMS 0x00000000ecf00000, 0x00000000ecf00000| Complete 
| 208|0x00000000ed000000, 0x00000000ed100000, 0x00000000ed100000|100%| E|CS|TAMS 0x00000000ed000000, 0x00000000ed000000| Complete 
| 209|0x00000000ed100000, 0x00000000ed200000, 0x00000000ed200000|100%| E|CS|TAMS 0x00000000ed100000, 0x00000000ed100000| Complete 
| 210|0x00000000ed200000, 0x00000000ed300000, 0x00000000ed300000|100%| E|CS|TAMS 0x00000000ed200000, 0x00000000ed200000| Complete 
| 211|0x00000000ed300000, 0x00000000ed400000, 0x00000000ed400000|100%| E|CS|TAMS 0x00000000ed300000, 0x00000000ed300000| Complete 
| 212|0x00000000ed400000, 0x00000000ed500000, 0x00000000ed500000|100%| E|CS|TAMS 0x00000000ed400000, 0x00000000ed400000| Complete 
| 213|0x00000000ed500000, 0x00000000ed600000, 0x00000000ed600000|100%| E|CS|TAMS 0x00000000ed500000, 0x00000000ed500000| Complete 
| 214|0x00000000ed600000, 0x00000000ed700000, 0x00000000ed700000|100%| E|CS|TAMS 0x00000000ed600000, 0x00000000ed600000| Complete 
| 215|0x00000000ed700000, 0x00000000ed800000, 0x00000000ed800000|100%| E|CS|TAMS 0x00000000ed700000, 0x00000000ed700000| Complete 
| 216|0x00000000ed800000, 0x00000000ed900000, 0x00000000ed900000|100%| E|CS|TAMS 0x00000000ed800000, 0x00000000ed800000| Complete 
| 217|0x00000000ed900000, 0x00000000eda00000, 0x00000000eda00000|100%| E|CS|TAMS 0x00000000ed900000, 0x00000000ed900000| Complete 
| 218|0x00000000eda00000, 0x00000000edb00000, 0x00000000edb00000|100%| E|CS|TAMS 0x00000000eda00000, 0x00000000eda00000| Complete 
| 219|0x00000000edb00000, 0x00000000edc00000, 0x00000000edc00000|100%| E|CS|TAMS 0x00000000edb00000, 0x00000000edb00000| Complete 
| 220|0x00000000edc00000, 0x00000000edd00000, 0x00000000edd00000|100%| E|CS|TAMS 0x00000000edc00000, 0x00000000edc00000| Complete 
| 221|0x00000000edd00000, 0x00000000ede00000, 0x00000000ede00000|100%| E|CS|TAMS 0x00000000edd00000, 0x00000000edd00000| Complete 
| 222|0x00000000ede00000, 0x00000000edf00000, 0x00000000edf00000|100%| E|CS|TAMS 0x00000000ede00000, 0x00000000ede00000| Complete 
| 223|0x00000000edf00000, 0x00000000ee000000, 0x00000000ee000000|100%| E|CS|TAMS 0x00000000edf00000, 0x00000000edf00000| Complete 
| 224|0x00000000ee000000, 0x00000000ee100000, 0x00000000ee100000|100%| E|CS|TAMS 0x00000000ee000000, 0x00000000ee000000| Complete 
| 225|0x00000000ee100000, 0x00000000ee200000, 0x00000000ee200000|100%| E|CS|TAMS 0x00000000ee100000, 0x00000000ee100000| Complete 
| 226|0x00000000ee200000, 0x00000000ee300000, 0x00000000ee300000|100%| E|CS|TAMS 0x00000000ee200000, 0x00000000ee200000| Complete 
| 227|0x00000000ee300000, 0x00000000ee400000, 0x00000000ee400000|100%| E|CS|TAMS 0x00000000ee300000, 0x00000000ee300000| Complete 
| 228|0x00000000ee400000, 0x00000000ee500000, 0x00000000ee500000|100%| E|CS|TAMS 0x00000000ee400000, 0x00000000ee400000| Complete 
| 229|0x00000000ee500000, 0x00000000ee600000, 0x00000000ee600000|100%| E|CS|TAMS 0x00000000ee500000, 0x00000000ee500000| Complete 
| 230|0x00000000ee600000, 0x00000000ee700000, 0x00000000ee700000|100%| E|CS|TAMS 0x00000000ee600000, 0x00000000ee600000| Complete 
| 231|0x00000000ee700000, 0x00000000ee800000, 0x00000000ee800000|100%| E|CS|TAMS 0x00000000ee700000, 0x00000000ee700000| Complete 
| 232|0x00000000ee800000, 0x00000000ee900000, 0x00000000ee900000|100%| E|CS|TAMS 0x00000000ee800000, 0x00000000ee800000| Complete 
| 233|0x00000000ee900000, 0x00000000eea00000, 0x00000000eea00000|100%| E|CS|TAMS 0x00000000ee900000, 0x00000000ee900000| Complete 
| 234|0x00000000eea00000, 0x00000000eeb00000, 0x00000000eeb00000|100%| E|CS|TAMS 0x00000000eea00000, 0x00000000eea00000| Complete 
| 235|0x00000000eeb00000, 0x00000000eec00000, 0x00000000eec00000|100%| E|CS|TAMS 0x00000000eeb00000, 0x00000000eeb00000| Complete 
| 236|0x00000000eec00000, 0x00000000eed00000, 0x00000000eed00000|100%| E|CS|TAMS 0x00000000eec00000, 0x00000000eec00000| Complete 
| 237|0x00000000eed00000, 0x00000000eee00000, 0x00000000eee00000|100%| E|CS|TAMS 0x00000000eed00000, 0x00000000eed00000| Complete 
| 238|0x00000000eee00000, 0x00000000eef00000, 0x00000000eef00000|100%| E|CS|TAMS 0x00000000eee00000, 0x00000000eee00000| Complete 
| 239|0x00000000eef00000, 0x00000000ef000000, 0x00000000ef000000|100%| E|CS|TAMS 0x00000000eef00000, 0x00000000eef00000| Complete 
| 240|0x00000000ef000000, 0x00000000ef100000, 0x00000000ef100000|100%| E|CS|TAMS 0x00000000ef000000, 0x00000000ef000000| Complete 
| 241|0x00000000ef100000, 0x00000000ef200000, 0x00000000ef200000|100%| E|CS|TAMS 0x00000000ef100000, 0x00000000ef100000| Complete 
| 242|0x00000000ef200000, 0x00000000ef300000, 0x00000000ef300000|100%| E|CS|TAMS 0x00000000ef200000, 0x00000000ef200000| Complete 
| 243|0x00000000ef300000, 0x00000000ef400000, 0x00000000ef400000|100%| E|CS|TAMS 0x00000000ef300000, 0x00000000ef300000| Complete 
| 244|0x00000000ef400000, 0x00000000ef500000, 0x00000000ef500000|100%| E|CS|TAMS 0x00000000ef400000, 0x00000000ef400000| Complete 
| 245|0x00000000ef500000, 0x00000000ef600000, 0x00000000ef600000|100%| E|CS|TAMS 0x00000000ef500000, 0x00000000ef500000| Complete 
| 246|0x00000000ef600000, 0x00000000ef700000, 0x00000000ef700000|100%| E|CS|TAMS 0x00000000ef600000, 0x00000000ef600000| Complete 
| 247|0x00000000ef700000, 0x00000000ef800000, 0x00000000ef800000|100%| E|CS|TAMS 0x00000000ef700000, 0x00000000ef700000| Complete 
| 248|0x00000000ef800000, 0x00000000ef900000, 0x00000000ef900000|100%| E|CS|TAMS 0x00000000ef800000, 0x00000000ef800000| Complete 
| 249|0x00000000ef900000, 0x00000000efa00000, 0x00000000efa00000|100%| E|CS|TAMS 0x00000000ef900000, 0x00000000ef900000| Complete 
| 250|0x00000000efa00000, 0x00000000efb00000, 0x00000000efb00000|100%| E|CS|TAMS 0x00000000efa00000, 0x00000000efa00000| Complete 
| 251|0x00000000efb00000, 0x00000000efc00000, 0x00000000efc00000|100%| E|CS|TAMS 0x00000000efb00000, 0x00000000efb00000| Complete 
| 252|0x00000000efc00000, 0x00000000efd00000, 0x00000000efd00000|100%| E|CS|TAMS 0x00000000efc00000, 0x00000000efc00000| Complete 
| 253|0x00000000efd00000, 0x00000000efe00000, 0x00000000efe00000|100%| E|CS|TAMS 0x00000000efd00000, 0x00000000efd00000| Complete 
| 254|0x00000000efe00000, 0x00000000eff00000, 0x00000000eff00000|100%| E|CS|TAMS 0x00000000efe00000, 0x00000000efe00000| Complete 
| 255|0x00000000eff00000, 0x00000000f0000000, 0x00000000f0000000|100%| E|CS|TAMS 0x00000000eff00000, 0x00000000eff00000| Complete 

Card table byte_map: [0x0000020cfac90000,0x0000020cfad90000] _byte_map_base: 0x0000020cfa590000

Marking Bits (Prev, Next): (CMBitMap*) 0x0000020ce2ca4160, (CMBitMap*) 0x0000020ce2ca41a0
 Prev Bits: [0x0000020cfae90000, 0x0000020cfb690000)
 Next Bits: [0x0000020cfb690000, 0x0000020cfbe90000)

Polling page: 0x0000020ce09e0000

Metaspace:

Usage:
  Non-class:     42.05 MB used.
      Class:      6.52 MB used.
       Both:     48.57 MB used.

Virtual space:
  Non-class space:       48.00 MB reserved,      42.31 MB ( 88%) committed,  6 nodes.
      Class space:      208.00 MB reserved,       6.75 MB (  3%) committed,  1 nodes.
              Both:      256.00 MB reserved,      49.06 MB ( 19%) committed. 

Chunk freelists:
   Non-Class:  1.00 MB
       Class:  1.16 MB
        Both:  2.16 MB

MaxMetaspaceSize: 256.00 MB
CompressedClassSpaceSize: 208.00 MB
 - commit_granule_bytes: 65536.
 - commit_granule_words: 8192.
 - virtual_space_node_default_size: 1048576.
 - enlarge_chunks_in_place: 1.
 - new_chunks_are_fully_committed: 0.
 - uncommit_free_chunks: 1.
 - use_allocation_guard: 0.
 - handle_deallocations: 1.


Internal statistics:

num_allocs_failed_limit: 6.
num_arena_births: 580.
num_arena_deaths: 0.
num_vsnodes_births: 7.
num_vsnodes_deaths: 0.
num_space_committed: 786.
num_space_uncommitted: 0.
num_chunks_returned_to_freelist: 6.
num_chunks_taken_from_freelist: 2544.
num_chunk_merges: 6.
num_chunk_splits: 1641.
num_chunks_enlarged: 1081.
num_purges: 0.

CodeHeap 'non-profiled nmethods': size=120000Kb used=3107Kb max_used=3107Kb free=116892Kb
 bounds [0x0000020cf3110000, 0x0000020cf3420000, 0x0000020cfa640000]
CodeHeap 'profiled nmethods': size=120000Kb used=12196Kb max_used=12196Kb free=107803Kb
 bounds [0x0000020cebbe0000, 0x0000020cec7d0000, 0x0000020cf3110000]
CodeHeap 'non-nmethods': size=5760Kb used=2337Kb max_used=2390Kb free=3422Kb
 bounds [0x0000020ceb640000, 0x0000020ceb8b0000, 0x0000020cebbe0000]
 total_blobs=6746 nmethods=5896 adapters=762
 compilation: enabled
              stopped_count=0, restarted_count=0
 full_count=0

Compilation events (20 events):
Event: 24.493 Thread 0x0000020cfeb249b0 nmethod 6010 0x0000020cf3417410 code [0x0000020cf34175a0, 0x0000020cf34176f8]
Event: 24.493 Thread 0x0000020cfeb249b0 6011 %     4       jdk.internal.org.objectweb.asm.ClassReader::readUtf @ 18 (161 bytes)
Event: 24.515 Thread 0x0000020cfeb249b0 nmethod 6011% 0x0000020cf3417810 code [0x0000020cf34179c0, 0x0000020cf3418258]
Event: 24.541 Thread 0x0000020cfeb249b0 6012       4       java.lang.Class::privateGetPublicMethods (224 bytes)
Event: 24.564 Thread 0x0000020cfeb254a0 6014   !   3       org.gradle.internal.event.AbstractBroadcastDispatch::dispatch (191 bytes)
Event: 24.566 Thread 0x0000020cfeb254a0 nmethod 6014 0x0000020cec7be110 code [0x0000020cec7be480, 0x0000020cec7bffa8]
Event: 24.566 Thread 0x0000020cfeb254a0 6015       3       java.util.Collections::singletonList (9 bytes)
Event: 24.567 Thread 0x0000020cfeb254a0 nmethod 6015 0x0000020cec7c0690 code [0x0000020cec7c0840, 0x0000020cec7c0b58]
Event: 24.567 Thread 0x0000020cfeb254a0 6016       3       java.util.Collections$SingletonList::<init> (10 bytes)
Event: 24.567 Thread 0x0000020cfeb254a0 nmethod 6016 0x0000020cec7c0c90 code [0x0000020cec7c0e40, 0x0000020cec7c10d8]
Event: 24.583 Thread 0x0000020cfeb254a0 6018       3       java.lang.reflect.ProxyGenerator::typeNames (61 bytes)
Event: 24.584 Thread 0x0000020cfeb254a0 nmethod 6018 0x0000020cec7c1210 code [0x0000020cec7c1440, 0x0000020cec7c1de8]
Event: 24.602 Thread 0x0000020cfeb254a0 6019       1       org.gradle.cache.internal.filelock.LockOptionsBuilder::getMode (5 bytes)
Event: 24.602 Thread 0x0000020cfeb254a0 nmethod 6019 0x0000020cf3418690 code [0x0000020cf3418820, 0x0000020cf34188f8]
Event: 24.603 Thread 0x0000020cfeb254a0 6020       3       java.lang.PublicMethods$MethodList::getMostSpecific (63 bytes)
Event: 24.603 Thread 0x0000020cfeb254a0 nmethod 6020 0x0000020cec7c2090 code [0x0000020cec7c2260, 0x0000020cec7c2568]
Event: 24.606 Thread 0x0000020cfeb254a0 6022       3       java.util.LinkedList::addAll (182 bytes)
Event: 24.607 Thread 0x0000020cfeb254a0 nmethod 6022 0x0000020cec7c2710 code [0x0000020cec7c2960, 0x0000020cec7c34b8]
Event: 24.607 Thread 0x0000020cfeb254a0 6021       3       java.util.LinkedList::addAll (10 bytes)
Event: 24.608 Thread 0x0000020cfeb254a0 nmethod 6021 0x0000020cec7c3910 code [0x0000020cec7c3ac0, 0x0000020cec7c3c08]

GC Heap History (10 events):
Event: 2.859 GC heap before
{Heap before GC invocations=0 (full 0):
 garbage-first heap   total 262144K, used 28672K [0x00000000e0000000, 0x0000000100000000)
  region size 1024K, 23 young (23552K), 0 survivors (0K)
 Metaspace       used 3195K, committed 3392K, reserved 221184K
  class space    used 376K, committed 448K, reserved 212992K
}
Event: 2.867 GC heap after
{Heap after GC invocations=1 (full 0):
 garbage-first heap   total 262144K, used 9115K [0x00000000e0000000, 0x0000000100000000)
  region size 1024K, 3 young (3072K), 3 survivors (3072K)
 Metaspace       used 3195K, committed 3392K, reserved 221184K
  class space    used 376K, committed 448K, reserved 212992K
}
Event: 3.413 GC heap before
{Heap before GC invocations=1 (full 0):
 garbage-first heap   total 262144K, used 37787K [0x00000000e0000000, 0x0000000100000000)
  region size 1024K, 31 young (31744K), 3 survivors (3072K)
 Metaspace       used 4088K, committed 4288K, reserved 221184K
  class space    used 471K, committed 576K, reserved 212992K
}
Event: 3.417 GC heap after
{Heap after GC invocations=2 (full 0):
 garbage-first heap   total 262144K, used 12112K [0x00000000e0000000, 0x0000000100000000)
  region size 1024K, 2 young (2048K), 2 survivors (2048K)
 Metaspace       used 4088K, committed 4288K, reserved 221184K
  class space    used 471K, committed 576K, reserved 212992K
}
Event: 10.289 GC heap before
{Heap before GC invocations=2 (full 0):
 garbage-first heap   total 262144K, used 130896K [0x00000000e0000000, 0x0000000100000000)
  region size 1024K, 108 young (110592K), 2 survivors (2048K)
 Metaspace       used 20924K, committed 21248K, reserved 237568K
  class space    used 3034K, committed 3200K, reserved 212992K
}
Event: 10.303 GC heap after
{Heap after GC invocations=3 (full 0):
 garbage-first heap   total 262144K, used 32982K [0x00000000e0000000, 0x0000000100000000)
  region size 1024K, 13 young (13312K), 13 survivors (13312K)
 Metaspace       used 20924K, committed 21248K, reserved 237568K
  class space    used 3034K, committed 3200K, reserved 212992K
}
Event: 14.788 GC heap before
{Heap before GC invocations=4 (full 0):
 garbage-first heap   total 262144K, used 144598K [0x00000000e0000000, 0x0000000100000000)
  region size 1024K, 112 young (114688K), 13 survivors (13312K)
 Metaspace       used 35020K, committed 35520K, reserved 245760K
  class space    used 4609K, committed 4864K, reserved 212992K
}
Event: 14.812 GC heap after
{Heap after GC invocations=5 (full 0):
 garbage-first heap   total 262144K, used 53260K [0x00000000e0000000, 0x0000000100000000)
  region size 1024K, 11 young (11264K), 11 survivors (11264K)
 Metaspace       used 35020K, committed 35520K, reserved 245760K
  class space    used 4609K, committed 4864K, reserved 212992K
}
Event: 21.398 GC heap before
{Heap before GC invocations=6 (full 0):
 garbage-first heap   total 262144K, used 183308K [0x00000000e0000000, 0x0000000100000000)
  region size 1024K, 138 young (141312K), 11 survivors (11264K)
 Metaspace       used 45984K, committed 46528K, reserved 253952K
  class space    used 6170K, committed 6400K, reserved 212992K
}
Event: 21.421 GC heap after
{Heap after GC invocations=7 (full 0):
 garbage-first heap   total 262144K, used 58053K [0x00000000e0000000, 0x0000000100000000)
  region size 1024K, 7 young (7168K), 7 survivors (7168K)
 Metaspace       used 45984K, committed 46528K, reserved 253952K
  class space    used 6170K, committed 6400K, reserved 212992K
}

Deoptimization events (20 events):
Event: 23.075 Thread 0x0000020c80bca220 DEOPT PACKING pc=0x0000020cf32ce908 sp=0x000000b253cf7710
Event: 23.075 Thread 0x0000020c80bca220 DEOPT UNPACKING pc=0x0000020ceb68d72e sp=0x000000b253cf7428 mode 2
Event: 23.265 Thread 0x0000020c80bca220 DEOPT PACKING pc=0x0000020cec2c94db sp=0x000000b253cf7bd0
Event: 23.265 Thread 0x0000020c80bca220 DEOPT UNPACKING pc=0x0000020ceb68dece sp=0x000000b253cf7070 mode 0
Event: 23.483 Thread 0x0000020c80bca220 Uncommon trap: trap_request=0xffffffc6 fr.pc=0x0000020cf33f548c relative=0x000000000000052c
Event: 23.483 Thread 0x0000020c80bca220 Uncommon trap: reason=bimorphic_or_optimized_type_check action=maybe_recompile pc=0x0000020cf33f548c method=java.util.HashMap$TreeNode.find(ILjava/lang/Object;Ljava/lang/Class;)Ljava/util/HashMap$TreeNode; @ 68 c2
Event: 23.483 Thread 0x0000020c80bca220 DEOPT PACKING pc=0x0000020cf33f548c sp=0x000000b253cf7bd0
Event: 23.483 Thread 0x0000020c80bca220 DEOPT UNPACKING pc=0x0000020ceb68d72e sp=0x000000b253cf7b40 mode 2
Event: 23.483 Thread 0x0000020c80bca220 Uncommon trap: trap_request=0xffffffc6 fr.pc=0x0000020cf33f548c relative=0x000000000000052c
Event: 23.483 Thread 0x0000020c80bca220 Uncommon trap: reason=bimorphic_or_optimized_type_check action=maybe_recompile pc=0x0000020cf33f548c method=java.util.HashMap$TreeNode.find(ILjava/lang/Object;Ljava/lang/Class;)Ljava/util/HashMap$TreeNode; @ 68 c2
Event: 23.483 Thread 0x0000020c80bca220 DEOPT PACKING pc=0x0000020cf33f548c sp=0x000000b253cf7bd0
Event: 23.483 Thread 0x0000020c80bca220 DEOPT UNPACKING pc=0x0000020ceb68d72e sp=0x000000b253cf7b40 mode 2
Event: 23.483 Thread 0x0000020c80bca220 Uncommon trap: trap_request=0xffffffc6 fr.pc=0x0000020cf33f548c relative=0x000000000000052c
Event: 23.483 Thread 0x0000020c80bca220 Uncommon trap: reason=bimorphic_or_optimized_type_check action=maybe_recompile pc=0x0000020cf33f548c method=java.util.HashMap$TreeNode.find(ILjava/lang/Object;Ljava/lang/Class;)Ljava/util/HashMap$TreeNode; @ 68 c2
Event: 23.483 Thread 0x0000020c80bca220 DEOPT PACKING pc=0x0000020cf33f548c sp=0x000000b253cf7ad0
Event: 23.484 Thread 0x0000020c80bca220 DEOPT UNPACKING pc=0x0000020ceb68d72e sp=0x000000b253cf7a40 mode 2
Event: 23.484 Thread 0x0000020c80bca220 Uncommon trap: trap_request=0xffffffc6 fr.pc=0x0000020cf33f548c relative=0x000000000000052c
Event: 23.484 Thread 0x0000020c80bca220 Uncommon trap: reason=bimorphic_or_optimized_type_check action=maybe_recompile pc=0x0000020cf33f548c method=java.util.HashMap$TreeNode.find(ILjava/lang/Object;Ljava/lang/Class;)Ljava/util/HashMap$TreeNode; @ 68 c2
Event: 23.484 Thread 0x0000020c80bca220 DEOPT PACKING pc=0x0000020cf33f548c sp=0x000000b253cf7bd0
Event: 23.484 Thread 0x0000020c80bca220 DEOPT UNPACKING pc=0x0000020ceb68d72e sp=0x000000b253cf7b40 mode 2

Classes unloaded (0 events):
No events

Classes redefined (0 events):
No events

Internal exceptions (20 events):
Event: 23.707 Thread 0x0000020c80bca220 Exception <a 'java/lang/ClassNotFoundException'{0x00000000ec3e2680}: org/gradle/api/tasks/AbstractCopyTaskCustomizer> (0x00000000ec3e2680) 
thrown [c:\wsjdk\correttojdksrc\installers\windows\zip\corretto-build\buildroot\src\hotspot\share\classfile\systemDictionary.cpp, line 256]
Event: 23.713 Thread 0x0000020c80bca220 Exception <a 'java/lang/ClassNotFoundException'{0x00000000ec256848}: org/gradle/api/tasks/bundling/AbstractArchiveTaskCustomizer> (0x00000000ec256848) 
thrown [c:\wsjdk\correttojdksrc\installers\windows\zip\corretto-build\buildroot\src\hotspot\share\classfile\systemDictionary.cpp, line 256]
Event: 23.720 Thread 0x0000020c80bca220 Exception <a 'java/lang/ClassNotFoundException'{0x00000000ec2a2940}: org/gradle/api/tasks/bundling/ZipCustomizer> (0x00000000ec2a2940) 
thrown [c:\wsjdk\correttojdksrc\installers\windows\zip\corretto-build\buildroot\src\hotspot\share\classfile\systemDictionary.cpp, line 256]
Event: 23.726 Thread 0x0000020c80bca220 Exception <a 'java/lang/ClassNotFoundException'{0x00000000ec2ce790}: org/gradle/api/tasks/bundling/Zip_DecoratedCustomizer> (0x00000000ec2ce790) 
thrown [c:\wsjdk\correttojdksrc\installers\windows\zip\corretto-build\buildroot\src\hotspot\share\classfile\systemDictionary.cpp, line 256]
Event: 23.743 Thread 0x0000020c80bca220 Exception <a 'java/lang/ClassNotFoundException'{0x00000000ec18f858}: org/gradle/api/plugins/internal/DefaultBasePluginConventionBeanInfo> (0x00000000ec18f858) 
thrown [c:\wsjdk\correttojdksrc\installers\windows\zip\corretto-build\buildroot\src\hotspot\share\classfile\systemDictionary.cpp, line 256]
Event: 23.745 Thread 0x0000020c80bca220 Exception <a 'java/lang/ClassNotFoundException'{0x00000000ec1a16f8}: org/gradle/api/plugins/BasePluginConventionBeanInfo> (0x00000000ec1a16f8) 
thrown [c:\wsjdk\correttojdksrc\installers\windows\zip\corretto-build\buildroot\src\hotspot\share\classfile\systemDictionary.cpp, line 256]
Event: 23.748 Thread 0x0000020c80bca220 Exception <a 'java/lang/ClassNotFoundException'{0x00000000ec1b3560}: org/gradle/api/plugins/BasePluginConventionCustomizer> (0x00000000ec1b3560) 
thrown [c:\wsjdk\correttojdksrc\installers\windows\zip\corretto-build\buildroot\src\hotspot\share\classfile\systemDictionary.cpp, line 256]
Event: 23.751 Thread 0x0000020c80bca220 Exception <a 'java/lang/ClassNotFoundException'{0x00000000ec1cf938}: org/gradle/api/plugins/internal/DefaultBasePluginConventionCustomizer> (0x00000000ec1cf938) 
thrown [c:\wsjdk\correttojdksrc\installers\windows\zip\corretto-build\buildroot\src\hotspot\share\classfile\systemDictionary.cpp, line 256]
Event: 23.759 Thread 0x0000020c80bca220 Exception <a 'java/lang/ClassNotFoundException'{0x00000000ec015b28}: org/gradle/api/plugins/internal/DefaultJavaPluginConventionBeanInfo> (0x00000000ec015b28) 
thrown [c:\wsjdk\correttojdksrc\installers\windows\zip\corretto-build\buildroot\src\hotspot\share\classfile\systemDictionary.cpp, line 256]
Event: 23.760 Thread 0x0000020c80bca220 Exception <a 'java/lang/ClassNotFoundException'{0x00000000ec0279c8}: org/gradle/api/plugins/JavaPluginConventionBeanInfo> (0x00000000ec0279c8) 
thrown [c:\wsjdk\correttojdksrc\installers\windows\zip\corretto-build\buildroot\src\hotspot\share\classfile\systemDictionary.cpp, line 256]
Event: 23.762 Thread 0x0000020c80bca220 Exception <a 'java/lang/ClassNotFoundException'{0x00000000ec039830}: org/gradle/api/plugins/JavaPluginConventionCustomizer> (0x00000000ec039830) 
thrown [c:\wsjdk\correttojdksrc\installers\windows\zip\corretto-build\buildroot\src\hotspot\share\classfile\systemDictionary.cpp, line 256]
Event: 23.763 Thread 0x0000020c80bca220 Exception <a 'java/lang/ClassNotFoundException'{0x00000000ec05f868}: org/gradle/api/plugins/internal/DefaultJavaPluginConventionCustomizer> (0x00000000ec05f868) 
thrown [c:\wsjdk\correttojdksrc\installers\windows\zip\corretto-build\buildroot\src\hotspot\share\classfile\systemDictionary.cpp, line 256]
Event: 23.986 Thread 0x0000020c80bca220 Exception <a 'java/lang/ClassNotFoundException'{0x00000000ebcccf08}: org/gradle/api/internal/file/copy/CopySpecWrapper_DecoratedBeanInfo> (0x00000000ebcccf08) 
thrown [c:\wsjdk\correttojdksrc\installers\windows\zip\corretto-build\buildroot\src\hotspot\share\classfile\systemDictionary.cpp, line 256]
Event: 23.987 Thread 0x0000020c80bca220 Exception <a 'java/lang/ClassNotFoundException'{0x00000000ebcdef58}: org/gradle/api/internal/file/copy/CopySpecWrapperBeanInfo> (0x00000000ebcdef58) 
thrown [c:\wsjdk\correttojdksrc\installers\windows\zip\corretto-build\buildroot\src\hotspot\share\classfile\systemDictionary.cpp, line 256]
Event: 23.989 Thread 0x0000020c80bca220 Exception <a 'java/lang/ClassNotFoundException'{0x00000000ebcf0f90}: org/gradle/api/internal/file/copy/CopySpecWrapperCustomizer> (0x00000000ebcf0f90) 
thrown [c:\wsjdk\correttojdksrc\installers\windows\zip\corretto-build\buildroot\src\hotspot\share\classfile\systemDictionary.cpp, line 256]
Event: 23.997 Thread 0x0000020c80bca220 Exception <a 'java/lang/ClassNotFoundException'{0x00000000ebb43558}: org/gradle/api/internal/file/copy/CopySpecWrapper_DecoratedCustomizer> (0x00000000ebb43558) 
thrown [c:\wsjdk\correttojdksrc\installers\windows\zip\corretto-build\buildroot\src\hotspot\share\classfile\systemDictionary.cpp, line 256]
Event: 24.018 Thread 0x0000020c80bca220 Exception <a 'java/lang/ClassNotFoundException'{0x00000000eb98ceb8}: org/gradle/api/internal/artifacts/configurations/DefaultConfigurationContainer_DecoratedBeanInfo> (0x00000000eb98ceb8) 
thrown [c:\wsjdk\correttojdksrc\installers\windows\zip\corretto-build\buildroot\src\hotspot\share\classfile\systemDictionary.cpp, line 256]
Event: 24.023 Thread 0x0000020c80bca220 Exception <a 'java/lang/ClassNotFoundException'{0x00000000eb9a1ab8}: org/gradle/api/internal/artifacts/configurations/DefaultConfigurationContainerBeanInfo> (0x00000000eb9a1ab8) 
thrown [c:\wsjdk\correttojdksrc\installers\windows\zip\corretto-build\buildroot\src\hotspot\share\classfile\systemDictionary.cpp, line 256]
Event: 24.026 Thread 0x0000020c80bca220 Exception <a 'java/lang/ClassNotFoundException'{0x00000000eb9b6770}: org/gradle/api/internal/artifacts/configurations/DefaultConfigurationContainerCustomizer> (0x00000000eb9b6770) 
thrown [c:\wsjdk\correttojdksrc\installers\windows\zip\corretto-build\buildroot\src\hotspot\share\classfile\systemDictionary.cpp, line 256]
Event: 24.030 Thread 0x0000020c80bca220 Exception <a 'java/lang/ClassNotFoundException'{0x00000000eb9df270}: org/gradle/api/internal/artifacts/configurations/DefaultConfigurationContainer_DecoratedCustomizer> (0x00000000eb9df270) 
thrown [c:\wsjdk\correttojdksrc\installers\windows\zip\corretto-build\buildroot\src\hotspot\share\classfile\systemDictionary.cpp, line 256]

Events (20 events):
Event: 22.567 Executing  VM operation: HandshakeAllThreads
Event: 22.567 Executing  VM operation: HandshakeAllThreads done
Event: 22.571 loading class jdk/internal/vm/annotation/Stable
Event: 22.571 loading class jdk/internal/vm/annotation/Stable done
Event: 22.606 Executing  VM operation: HandshakeAllThreads
Event: 22.606 Executing  VM operation: HandshakeAllThreads done
Event: 23.141 Executing  VM operation: ICBufferFull
Event: 23.141 Executing  VM operation: ICBufferFull done
Event: 23.708 loading class java/io/FilterReader
Event: 23.709 loading class java/io/FilterReader done
Event: 24.150 Executing  VM operation: Cleanup
Event: 24.167 Executing  VM operation: Cleanup done
Event: 24.212 loading class java/util/concurrent/Executors$FinalizableDelegatedExecutorService
Event: 24.213 loading class java/util/concurrent/Executors$DelegatedExecutorService
Event: 24.213 loading class java/util/concurrent/Executors$DelegatedExecutorService done
Event: 24.213 loading class java/util/concurrent/Executors$FinalizableDelegatedExecutorService done
Event: 24.557 loading class java/util/stream/ReduceOps$2
Event: 24.557 loading class java/util/stream/ReduceOps$2 done
Event: 24.557 loading class java/util/stream/ReduceOps$2ReducingSink
Event: 24.558 loading class java/util/stream/ReduceOps$2ReducingSink done


Dynamic libraries:
0x00007ff62cb50000 - 0x00007ff62cb5d000 	C:\Users\gunch\.jdks\corretto-16.0.2\bin\java.exe
0x00007ffc0c4b0000 - 0x00007ffc0c6c7000 	C:\Windows\SYSTEM32\ntdll.dll
0x00007ffc0a650000 - 0x00007ffc0a714000 	C:\Windows\System32\KERNEL32.DLL
0x00007ffc09a60000 - 0x00007ffc09e0d000 	C:\Windows\System32\KERNELBASE.dll
0x00007ffc09870000 - 0x00007ffc09981000 	C:\Windows\System32\ucrtbase.dll
0x00007ffc07110000 - 0x00007ffc07128000 	C:\Users\gunch\.jdks\corretto-16.0.2\bin\jli.dll
0x00007ffbff6f0000 - 0x00007ffbff705000 	C:\Users\gunch\.jdks\corretto-16.0.2\bin\VCRUNTIME140.dll
0x00007ffc0b350000 - 0x00007ffc0b4fe000 	C:\Windows\System32\USER32.dll
0x00007ffc09a30000 - 0x00007ffc09a56000 	C:\Windows\System32\win32u.dll
0x00007ffbf24b0000 - 0x00007ffbf2743000 	C:\Windows\WinSxS\amd64_microsoft.windows.common-controls_6595b64144ccf1df_6.0.22621.3672_none_2713b9d173822955\COMCTL32.dll
0x00007ffc0b310000 - 0x00007ffc0b339000 	C:\Windows\System32\GDI32.dll
0x00007ffc0c1a0000 - 0x00007ffc0c247000 	C:\Windows\System32\msvcrt.dll
0x00007ffc0a0c0000 - 0x00007ffc0a1d9000 	C:\Windows\System32\gdi32full.dll
0x00007ffc09990000 - 0x00007ffc09a2a000 	C:\Windows\System32\msvcp_win.dll
0x00007ffc0b5b0000 - 0x00007ffc0b5e1000 	C:\Windows\System32\IMM32.DLL
0x00007ffbfa030000 - 0x00007ffbfa0cb000 	C:\Users\gunch\.jdks\corretto-16.0.2\bin\msvcp140.dll
0x00007ffbab4b0000 - 0x00007ffbac0b9000 	C:\Users\gunch\.jdks\corretto-16.0.2\bin\server\jvm.dll
0x00007ffc0c3b0000 - 0x00007ffc0c462000 	C:\Windows\System32\ADVAPI32.dll
0x00007ffc0a5a0000 - 0x00007ffc0a649000 	C:\Windows\System32\sechost.dll
0x00007ffc09840000 - 0x00007ffc09868000 	C:\Windows\System32\bcrypt.dll
0x00007ffc0a1e0000 - 0x00007ffc0a2f4000 	C:\Windows\System32\RPCRT4.dll
0x00007ffc0a590000 - 0x00007ffc0a598000 	C:\Windows\System32\PSAPI.DLL
0x00007ffbde9e0000 - 0x00007ffbde9e9000 	C:\Windows\SYSTEM32\WSOCK32.dll
0x00007ffc0b150000 - 0x00007ffc0b1c1000 	C:\Windows\System32\WS2_32.dll
0x00007ffc070c0000 - 0x00007ffc070f4000 	C:\Windows\SYSTEM32\WINMM.dll
0x00007ffbf9e70000 - 0x00007ffbf9e7a000 	C:\Windows\SYSTEM32\VERSION.dll
0x00007ffc08870000 - 0x00007ffc08888000 	C:\Windows\SYSTEM32\kernel.appcore.dll
0x00007ffc07370000 - 0x00007ffc0737a000 	C:\Users\gunch\.jdks\corretto-16.0.2\bin\jimage.dll
0x00007ffc06df0000 - 0x00007ffc07022000 	C:\Windows\SYSTEM32\DBGHELP.DLL
0x00007ffc0bc50000 - 0x00007ffc0bfde000 	C:\Windows\System32\combase.dll
0x00007ffc0ba70000 - 0x00007ffc0bb47000 	C:\Windows\System32\OLEAUT32.dll
0x00007ffc07080000 - 0x00007ffc070b2000 	C:\Windows\SYSTEM32\dbgcore.DLL
0x00007ffc0a040000 - 0x00007ffc0a0bb000 	C:\Windows\System32\bcryptPrimitives.dll
0x00007ffbfd870000 - 0x00007ffbfd895000 	C:\Users\gunch\.jdks\corretto-16.0.2\bin\java.dll
0x00007ffc0a720000 - 0x00007ffc0af87000 	C:\Windows\System32\SHELL32.dll
0x00007ffc07710000 - 0x00007ffc0800f000 	C:\Windows\SYSTEM32\windows.storage.dll
0x00007ffc075d0000 - 0x00007ffc0770f000 	C:\Windows\SYSTEM32\wintypes.dll
0x00007ffc0bb50000 - 0x00007ffc0bc49000 	C:\Windows\System32\SHCORE.dll
0x00007ffc0c350000 - 0x00007ffc0c3ae000 	C:\Windows\System32\shlwapi.dll
0x00007ffc09700000 - 0x00007ffc09727000 	C:\Windows\SYSTEM32\profapi.dll
0x00007ffbfed20000 - 0x00007ffbfed39000 	C:\Users\gunch\.jdks\corretto-16.0.2\bin\net.dll
0x00007ffc01640000 - 0x00007ffc01776000 	C:\Windows\SYSTEM32\WINHTTP.dll
0x00007ffc08d30000 - 0x00007ffc08d99000 	C:\Windows\system32\mswsock.dll
0x00007ffbfebd0000 - 0x00007ffbfebe3000 	C:\Users\gunch\.jdks\corretto-16.0.2\bin\nio.dll
0x00007ffbfbd20000 - 0x00007ffbfbd38000 	C:\Users\gunch\.jdks\corretto-16.0.2\bin\zip.dll
0x00007ffc02f70000 - 0x00007ffc02f80000 	C:\Users\gunch\.jdks\corretto-16.0.2\bin\verify.dll
0x00007ffc071d0000 - 0x00007ffc071f7000 	C:\Users\gunch\.gradle\native\8bec1ad78214c89d9ad589b4d07fe93259594b29d510b10fafb7a158f7737e5d\windows-amd64\native-platform.dll
0x00007ffbe13d0000 - 0x00007ffbe150d000 	C:\Users\gunch\.gradle\native\53dbd7edfb1c66fb8903c78663c9afc45aea4f116125fa6feffd364cf09443e8\windows-amd64\native-platform-file-events.dll
0x00007ffc02f40000 - 0x00007ffc02f49000 	C:\Users\gunch\.jdks\corretto-16.0.2\bin\management.dll
0x00007ffc02df0000 - 0x00007ffc02dfb000 	C:\Users\gunch\.jdks\corretto-16.0.2\bin\management_ext.dll
0x00007ffc08fd0000 - 0x00007ffc08feb000 	C:\Windows\SYSTEM32\CRYPTSP.dll
0x00007ffc08830000 - 0x00007ffc08865000 	C:\Windows\system32\rsaenh.dll
0x00007ffc08dd0000 - 0x00007ffc08df8000 	C:\Windows\SYSTEM32\USERENV.dll
0x00007ffc08f30000 - 0x00007ffc08f3c000 	C:\Windows\SYSTEM32\CRYPTBASE.dll
0x00007ffc082e0000 - 0x00007ffc0830d000 	C:\Windows\SYSTEM32\IPHLPAPI.DLL
0x00007ffc0b340000 - 0x00007ffc0b349000 	C:\Windows\System32\NSI.dll
0x00007ffc00ae0000 - 0x00007ffc00af9000 	C:\Windows\SYSTEM32\dhcpcsvc6.DLL
0x00007ffbffb60000 - 0x00007ffbffb7f000 	C:\Windows\SYSTEM32\dhcpcsvc.DLL
0x00007ffc08310000 - 0x00007ffc08408000 	C:\Windows\SYSTEM32\DNSAPI.dll
0x00007ffbff6e0000 - 0x00007ffbff6ee000 	C:\Users\gunch\.jdks\corretto-16.0.2\bin\sunmscapi.dll
0x00007ffc09e10000 - 0x00007ffc09f76000 	C:\Windows\System32\CRYPT32.dll
0x00007ffc09190000 - 0x00007ffc091be000 	C:\Windows\SYSTEM32\ncrypt.dll
0x00007ffc09150000 - 0x00007ffc09187000 	C:\Windows\SYSTEM32\NTASN1.dll
0x00007ffbdd300000 - 0x00007ffbdd308000 	C:\Windows\system32\wshunix.dll

dbghelp: loaded successfully - version: 4.0.5 - missing functions: none
symbol engine: initialized successfully - sym options: 0x614 - pdb path: .;C:\Users\gunch\.jdks\corretto-16.0.2\bin;C:\Windows\SYSTEM32;C:\Windows\WinSxS\amd64_microsoft.windows.common-controls_6595b64144ccf1df_6.0.22621.3672_none_2713b9d173822955;C:\Users\gunch\.jdks\corretto-16.0.2\bin\server;C:\Users\gunch\.gradle\native\8bec1ad78214c89d9ad589b4d07fe93259594b29d510b10fafb7a158f7737e5d\windows-amd64;C:\Users\gunch\.gradle\native\53dbd7edfb1c66fb8903c78663c9afc45aea4f116125fa6feffd364cf09443e8\windows-amd64

VM Arguments:
jvm_args: --add-opens=java.base/java.util=ALL-UNNAMED --add-opens=java.base/java.lang=ALL-UNNAMED --add-opens=java.base/java.lang.invoke=ALL-UNNAMED --add-opens=java.base/java.util=ALL-UNNAMED --add-opens=java.prefs/java.util.prefs=ALL-UNNAMED --add-opens=java.prefs/java.util.prefs=ALL-UNNAMED --add-opens=java.base/java.nio.charset=ALL-UNNAMED --add-opens=java.base/java.net=ALL-UNNAMED --add-opens=java.base/java.util.concurrent.atomic=ALL-UNNAMED -XX:MaxMetaspaceSize=256m -XX:+HeapDumpOnOutOfMemoryError -Xms256m -Xmx512m -Dfile.encoding=UTF-8 -Duser.country=US -Duser.language=en -Duser.variant 
java_command: org.gradle.launcher.daemon.bootstrap.GradleDaemon 7.0.2
java_class_path (initial): C:\Users\gunch\.gradle\wrapper\dists\gradle-7.0.2-bin\857tjihv64xamwrf0h14cai3r\gradle-7.0.2\lib\gradle-launcher-7.0.2.jar
Launcher Type: SUN_STANDARD

[Global flags]
     intx CICompilerCount                          = 4                                         {product} {ergonomic}
   size_t CompressedClassSpaceSize                 = 218103808                                 {product} {ergonomic}
     uint ConcGCThreads                            = 3                                         {product} {ergonomic}
     uint G1ConcRefinementThreads                  = 10                                        {product} {ergonomic}
   size_t G1HeapRegionSize                         = 1048576                                   {product} {ergonomic}
    uintx GCDrainStackTargetSize                   = 64                                        {product} {ergonomic}
     bool HeapDumpOnOutOfMemoryError               = true                                   {manageable} {command line}
   size_t InitialHeapSize                          = 268435456                                 {product} {command line}
   size_t MarkStackSize                            = 4194304                                   {product} {ergonomic}
   size_t MaxHeapSize                              = 536870912                                 {product} {command line}
   size_t MaxMetaspaceSize                         = 268435456                                 {product} {command line}
   size_t MaxNewSize                               = 321912832                                 {product} {ergonomic}
   size_t MinHeapDeltaBytes                        = 1048576                                   {product} {ergonomic}
   size_t MinHeapSize                              = 268435456                                 {product} {command line}
    uintx NonNMethodCodeHeapSize                   = 5839372                                {pd product} {ergonomic}
    uintx NonProfiledCodeHeapSize                  = 122909434                              {pd product} {ergonomic}
    uintx ProfiledCodeHeapSize                     = 122909434                              {pd product} {ergonomic}
    uintx ReservedCodeCacheSize                    = 251658240                              {pd product} {ergonomic}
     bool SegmentedCodeCache                       = true                                      {product} {ergonomic}
   size_t SoftMaxHeapSize                          = 536870912                              {manageable} {ergonomic}
     bool UseCompressedClassPointers               = true                           {product lp64_product} {ergonomic}
     bool UseCompressedOops                        = true                           {product lp64_product} {ergonomic}
     bool UseG1GC                                  = true                                      {product} {ergonomic}
     bool UseLargePagesIndividualAllocation        = false                                  {pd product} {ergonomic}

Logging:
Log output configuration:
 #0: stdout all=warning uptime,level,tags
 #1: stderr all=off uptime,level,tags

Environment Variables:
PATH=C:\Windows\system32;C:\Windows;C:\Windows\System32\Wbem;C:\Windows\System32\WindowsPowerShell\v1.0\;C:\Windows\System32\OpenSSH\;C:\Program Files\Amazon\AWSCLIV2\;C:\Users\gunch\AppData\Local\Microsoft\WindowsApps;C:\Users\gunch\AppData\Local\GitHubDesktop\bin
USERNAME=gunch
OS=Windows_NT
PROCESSOR_IDENTIFIER=Intel64 Family 6 Model 154 Stepping 4, GenuineIntel



---------------  S Y S T E M  ---------------

OS:
 Windows 10 , 64 bit Build 22621 (10.0.22621.3958)
OS uptime: 6 days 11:49 hours
Hyper-V role detected

CPU: total 12 (initial active 12) (6 cores per cpu, 2 threads per core) family 6 model 154 stepping 4 microcode 0x434, cx8, cmov, fxsr, ht, mmx, 3dnowpref, sse, sse2, sse3, ssse3, sse4.1, sse4.2, popcnt, lzcnt, tsc, tscinvbit, avx, avx2, aes, erms, clmul, bmi1, bmi2, adx, sha, fma, vzeroupper, clflush, clflushopt, clwb, hv

Memory: 4k page, system-wide physical 5702M (37M free)
TotalPageFile size 23110M (AvailPageFile size 0M)
current process WorkingSet (physical memory assigned to process): 270M, peak: 281M
current process commit charge ("private bytes"): 467M, peak: 471M

vm_info: OpenJDK 64-Bit Server VM (16.0.2+7) for windows-amd64 JRE (16.0.2+7), built on Jul 22 2021 01:11:46 by "Administrator" with MS VC++ 15.9 (VS2017)

END.
